ARM GAS  /tmp/ccAyJ4sl.s 			page 1


   1              		.cpu cortex-m4
   2              		.eabi_attribute 27, 1
   3              		.eabi_attribute 28, 1
   4              		.eabi_attribute 20, 1
   5              		.eabi_attribute 21, 1
   6              		.eabi_attribute 23, 3
   7              		.eabi_attribute 24, 1
   8              		.eabi_attribute 25, 1
   9              		.eabi_attribute 26, 1
  10              		.eabi_attribute 30, 1
  11              		.eabi_attribute 34, 1
  12              		.eabi_attribute 18, 4
  13              		.file	"stm32g4xx_hal_msp.c"
  14              		.text
  15              	.Ltext0:
  16              		.cfi_sections	.debug_frame
  17              		.section	.text.HAL_MspInit,"ax",%progbits
  18              		.align	1
  19              		.global	HAL_MspInit
  20              		.arch armv7e-m
  21              		.syntax unified
  22              		.thumb
  23              		.thumb_func
  24              		.fpu fpv4-sp-d16
  26              	HAL_MspInit:
  27              	.LFB406:
  28              		.file 1 "Src/stm32g4xx_hal_msp.c"
   1:Src/stm32g4xx_hal_msp.c **** /* USER CODE BEGIN Header */
   2:Src/stm32g4xx_hal_msp.c **** /**
   3:Src/stm32g4xx_hal_msp.c ****   ******************************************************************************
   4:Src/stm32g4xx_hal_msp.c ****   * File Name          : stm32g4xx_hal_msp.c
   5:Src/stm32g4xx_hal_msp.c ****   * Description        : This file provides code for the MSP Initialization 
   6:Src/stm32g4xx_hal_msp.c ****   *                      and de-Initialization codes.
   7:Src/stm32g4xx_hal_msp.c ****   ******************************************************************************
   8:Src/stm32g4xx_hal_msp.c ****   * @attention
   9:Src/stm32g4xx_hal_msp.c ****   *
  10:Src/stm32g4xx_hal_msp.c ****   * <h2><center>&copy; Copyright (c) 2020 STMicroelectronics.
  11:Src/stm32g4xx_hal_msp.c ****   * All rights reserved.</center></h2>
  12:Src/stm32g4xx_hal_msp.c ****   *
  13:Src/stm32g4xx_hal_msp.c ****   * This software component is licensed by ST under BSD 3-Clause license,
  14:Src/stm32g4xx_hal_msp.c ****   * the "License"; You may not use this file except in compliance with the
  15:Src/stm32g4xx_hal_msp.c ****   * License. You may obtain a copy of the License at:
  16:Src/stm32g4xx_hal_msp.c ****   *                        opensource.org/licenses/BSD-3-Clause
  17:Src/stm32g4xx_hal_msp.c ****   *
  18:Src/stm32g4xx_hal_msp.c ****   ******************************************************************************
  19:Src/stm32g4xx_hal_msp.c ****   */
  20:Src/stm32g4xx_hal_msp.c **** /* USER CODE END Header */
  21:Src/stm32g4xx_hal_msp.c **** 
  22:Src/stm32g4xx_hal_msp.c **** /* Includes ------------------------------------------------------------------*/
  23:Src/stm32g4xx_hal_msp.c **** #include "main.h"
  24:Src/stm32g4xx_hal_msp.c **** /* USER CODE BEGIN Includes */
  25:Src/stm32g4xx_hal_msp.c **** 
  26:Src/stm32g4xx_hal_msp.c **** /* USER CODE END Includes */
  27:Src/stm32g4xx_hal_msp.c **** 
  28:Src/stm32g4xx_hal_msp.c **** /* Private typedef -----------------------------------------------------------*/
  29:Src/stm32g4xx_hal_msp.c **** /* USER CODE BEGIN TD */
  30:Src/stm32g4xx_hal_msp.c **** 
ARM GAS  /tmp/ccAyJ4sl.s 			page 2


  31:Src/stm32g4xx_hal_msp.c **** /* USER CODE END TD */
  32:Src/stm32g4xx_hal_msp.c **** 
  33:Src/stm32g4xx_hal_msp.c **** /* Private define ------------------------------------------------------------*/
  34:Src/stm32g4xx_hal_msp.c **** /* USER CODE BEGIN Define */
  35:Src/stm32g4xx_hal_msp.c ****  
  36:Src/stm32g4xx_hal_msp.c **** /* USER CODE END Define */
  37:Src/stm32g4xx_hal_msp.c **** 
  38:Src/stm32g4xx_hal_msp.c **** /* Private macro -------------------------------------------------------------*/
  39:Src/stm32g4xx_hal_msp.c **** /* USER CODE BEGIN Macro */
  40:Src/stm32g4xx_hal_msp.c **** 
  41:Src/stm32g4xx_hal_msp.c **** /* USER CODE END Macro */
  42:Src/stm32g4xx_hal_msp.c **** 
  43:Src/stm32g4xx_hal_msp.c **** /* Private variables ---------------------------------------------------------*/
  44:Src/stm32g4xx_hal_msp.c **** /* USER CODE BEGIN PV */
  45:Src/stm32g4xx_hal_msp.c **** 
  46:Src/stm32g4xx_hal_msp.c **** /* USER CODE END PV */
  47:Src/stm32g4xx_hal_msp.c **** 
  48:Src/stm32g4xx_hal_msp.c **** /* Private function prototypes -----------------------------------------------*/
  49:Src/stm32g4xx_hal_msp.c **** /* USER CODE BEGIN PFP */
  50:Src/stm32g4xx_hal_msp.c **** 
  51:Src/stm32g4xx_hal_msp.c **** /* USER CODE END PFP */
  52:Src/stm32g4xx_hal_msp.c **** 
  53:Src/stm32g4xx_hal_msp.c **** /* External functions --------------------------------------------------------*/
  54:Src/stm32g4xx_hal_msp.c **** /* USER CODE BEGIN ExternalFunctions */
  55:Src/stm32g4xx_hal_msp.c **** 
  56:Src/stm32g4xx_hal_msp.c **** /* USER CODE END ExternalFunctions */
  57:Src/stm32g4xx_hal_msp.c **** 
  58:Src/stm32g4xx_hal_msp.c **** /* USER CODE BEGIN 0 */
  59:Src/stm32g4xx_hal_msp.c **** 
  60:Src/stm32g4xx_hal_msp.c **** /* USER CODE END 0 */
  61:Src/stm32g4xx_hal_msp.c **** /**
  62:Src/stm32g4xx_hal_msp.c ****   * Initializes the Global MSP.
  63:Src/stm32g4xx_hal_msp.c ****   */
  64:Src/stm32g4xx_hal_msp.c **** void HAL_MspInit(void)
  65:Src/stm32g4xx_hal_msp.c **** {
  29              		.loc 1 65 1 view -0
  30              		.cfi_startproc
  31              		@ args = 0, pretend = 0, frame = 8
  32              		@ frame_needed = 0, uses_anonymous_args = 0
  33              		@ link register save eliminated.
  34 0000 82B0     		sub	sp, sp, #8
  35              	.LCFI0:
  36              		.cfi_def_cfa_offset 8
  66:Src/stm32g4xx_hal_msp.c ****   /* USER CODE BEGIN MspInit 0 */
  67:Src/stm32g4xx_hal_msp.c **** 
  68:Src/stm32g4xx_hal_msp.c ****   /* USER CODE END MspInit 0 */
  69:Src/stm32g4xx_hal_msp.c **** 
  70:Src/stm32g4xx_hal_msp.c ****   __HAL_RCC_SYSCFG_CLK_ENABLE();
  37              		.loc 1 70 3 view .LVU1
  38              	.LBB6:
  39              		.loc 1 70 3 view .LVU2
  40              		.loc 1 70 3 view .LVU3
  41 0002 0D4B     		ldr	r3, .L3
  42 0004 1A6E     		ldr	r2, [r3, #96]
  43 0006 42F00102 		orr	r2, r2, #1
  44 000a 1A66     		str	r2, [r3, #96]
  45              		.loc 1 70 3 view .LVU4
ARM GAS  /tmp/ccAyJ4sl.s 			page 3


  46 000c 1A6E     		ldr	r2, [r3, #96]
  47 000e 02F00102 		and	r2, r2, #1
  48 0012 0092     		str	r2, [sp]
  49              		.loc 1 70 3 view .LVU5
  50 0014 009A     		ldr	r2, [sp]
  51              	.LBE6:
  71:Src/stm32g4xx_hal_msp.c ****   __HAL_RCC_PWR_CLK_ENABLE();
  52              		.loc 1 71 3 view .LVU6
  53              	.LBB7:
  54              		.loc 1 71 3 view .LVU7
  55              		.loc 1 71 3 view .LVU8
  56 0016 9A6D     		ldr	r2, [r3, #88]
  57 0018 42F08052 		orr	r2, r2, #268435456
  58 001c 9A65     		str	r2, [r3, #88]
  59              		.loc 1 71 3 view .LVU9
  60 001e 9B6D     		ldr	r3, [r3, #88]
  61 0020 03F08053 		and	r3, r3, #268435456
  62 0024 0193     		str	r3, [sp, #4]
  63              		.loc 1 71 3 view .LVU10
  64 0026 019B     		ldr	r3, [sp, #4]
  65              	.LBE7:
  72:Src/stm32g4xx_hal_msp.c **** 
  73:Src/stm32g4xx_hal_msp.c ****   /* System interrupt init*/
  74:Src/stm32g4xx_hal_msp.c **** 
  75:Src/stm32g4xx_hal_msp.c ****   /** Disable the internal Pull-Up in Dead Battery pins of UCPD peripheral 
  76:Src/stm32g4xx_hal_msp.c ****   */
  77:Src/stm32g4xx_hal_msp.c ****   LL_PWR_DisableDeadBatteryPD();
  66              		.loc 1 77 3 view .LVU11
  67              	.LBB8:
  68              	.LBI8:
  69              		.file 2 "Drivers/STM32G4xx_HAL_Driver/Inc/stm32g4xx_ll_pwr.h"
   1:Drivers/STM32G4xx_HAL_Driver/Inc/stm32g4xx_ll_pwr.h **** /**
   2:Drivers/STM32G4xx_HAL_Driver/Inc/stm32g4xx_ll_pwr.h ****   ******************************************************************************
   3:Drivers/STM32G4xx_HAL_Driver/Inc/stm32g4xx_ll_pwr.h ****   * @file    stm32g4xx_ll_pwr.h
   4:Drivers/STM32G4xx_HAL_Driver/Inc/stm32g4xx_ll_pwr.h ****   * @author  MCD Application Team
   5:Drivers/STM32G4xx_HAL_Driver/Inc/stm32g4xx_ll_pwr.h ****   * @brief   Header file of PWR LL module.
   6:Drivers/STM32G4xx_HAL_Driver/Inc/stm32g4xx_ll_pwr.h ****   ******************************************************************************
   7:Drivers/STM32G4xx_HAL_Driver/Inc/stm32g4xx_ll_pwr.h ****   * @attention
   8:Drivers/STM32G4xx_HAL_Driver/Inc/stm32g4xx_ll_pwr.h ****   *
   9:Drivers/STM32G4xx_HAL_Driver/Inc/stm32g4xx_ll_pwr.h ****   * <h2><center>&copy; Copyright (c) 2019 STMicroelectronics.
  10:Drivers/STM32G4xx_HAL_Driver/Inc/stm32g4xx_ll_pwr.h ****   * All rights reserved.</center></h2>
  11:Drivers/STM32G4xx_HAL_Driver/Inc/stm32g4xx_ll_pwr.h ****   *
  12:Drivers/STM32G4xx_HAL_Driver/Inc/stm32g4xx_ll_pwr.h ****   * This software component is licensed by ST under BSD 3-Clause license,
  13:Drivers/STM32G4xx_HAL_Driver/Inc/stm32g4xx_ll_pwr.h ****   * the "License"; You may not use this file except in compliance with the
  14:Drivers/STM32G4xx_HAL_Driver/Inc/stm32g4xx_ll_pwr.h ****   * License. You may obtain a copy of the License at:
  15:Drivers/STM32G4xx_HAL_Driver/Inc/stm32g4xx_ll_pwr.h ****   *                        opensource.org/licenses/BSD-3-Clause
  16:Drivers/STM32G4xx_HAL_Driver/Inc/stm32g4xx_ll_pwr.h ****   *
  17:Drivers/STM32G4xx_HAL_Driver/Inc/stm32g4xx_ll_pwr.h ****   ******************************************************************************
  18:Drivers/STM32G4xx_HAL_Driver/Inc/stm32g4xx_ll_pwr.h ****   */
  19:Drivers/STM32G4xx_HAL_Driver/Inc/stm32g4xx_ll_pwr.h **** 
  20:Drivers/STM32G4xx_HAL_Driver/Inc/stm32g4xx_ll_pwr.h **** /* Define to prevent recursive inclusion -------------------------------------*/
  21:Drivers/STM32G4xx_HAL_Driver/Inc/stm32g4xx_ll_pwr.h **** #ifndef STM32G4xx_LL_PWR_H
  22:Drivers/STM32G4xx_HAL_Driver/Inc/stm32g4xx_ll_pwr.h **** #define STM32G4xx_LL_PWR_H
  23:Drivers/STM32G4xx_HAL_Driver/Inc/stm32g4xx_ll_pwr.h **** 
  24:Drivers/STM32G4xx_HAL_Driver/Inc/stm32g4xx_ll_pwr.h **** #ifdef __cplusplus
  25:Drivers/STM32G4xx_HAL_Driver/Inc/stm32g4xx_ll_pwr.h **** extern "C" {
  26:Drivers/STM32G4xx_HAL_Driver/Inc/stm32g4xx_ll_pwr.h **** #endif
ARM GAS  /tmp/ccAyJ4sl.s 			page 4


  27:Drivers/STM32G4xx_HAL_Driver/Inc/stm32g4xx_ll_pwr.h **** 
  28:Drivers/STM32G4xx_HAL_Driver/Inc/stm32g4xx_ll_pwr.h **** /* Includes ------------------------------------------------------------------*/
  29:Drivers/STM32G4xx_HAL_Driver/Inc/stm32g4xx_ll_pwr.h **** #include "stm32g4xx.h"
  30:Drivers/STM32G4xx_HAL_Driver/Inc/stm32g4xx_ll_pwr.h **** 
  31:Drivers/STM32G4xx_HAL_Driver/Inc/stm32g4xx_ll_pwr.h **** /** @addtogroup STM32G4xx_LL_Driver
  32:Drivers/STM32G4xx_HAL_Driver/Inc/stm32g4xx_ll_pwr.h ****   * @{
  33:Drivers/STM32G4xx_HAL_Driver/Inc/stm32g4xx_ll_pwr.h ****   */
  34:Drivers/STM32G4xx_HAL_Driver/Inc/stm32g4xx_ll_pwr.h **** 
  35:Drivers/STM32G4xx_HAL_Driver/Inc/stm32g4xx_ll_pwr.h **** #if defined(PWR)
  36:Drivers/STM32G4xx_HAL_Driver/Inc/stm32g4xx_ll_pwr.h **** 
  37:Drivers/STM32G4xx_HAL_Driver/Inc/stm32g4xx_ll_pwr.h **** /** @defgroup PWR_LL PWR
  38:Drivers/STM32G4xx_HAL_Driver/Inc/stm32g4xx_ll_pwr.h ****   * @{
  39:Drivers/STM32G4xx_HAL_Driver/Inc/stm32g4xx_ll_pwr.h ****   */
  40:Drivers/STM32G4xx_HAL_Driver/Inc/stm32g4xx_ll_pwr.h **** 
  41:Drivers/STM32G4xx_HAL_Driver/Inc/stm32g4xx_ll_pwr.h **** /* Private types -------------------------------------------------------------*/
  42:Drivers/STM32G4xx_HAL_Driver/Inc/stm32g4xx_ll_pwr.h **** /* Private variables ---------------------------------------------------------*/
  43:Drivers/STM32G4xx_HAL_Driver/Inc/stm32g4xx_ll_pwr.h **** 
  44:Drivers/STM32G4xx_HAL_Driver/Inc/stm32g4xx_ll_pwr.h **** /* Private constants ---------------------------------------------------------*/
  45:Drivers/STM32G4xx_HAL_Driver/Inc/stm32g4xx_ll_pwr.h **** 
  46:Drivers/STM32G4xx_HAL_Driver/Inc/stm32g4xx_ll_pwr.h **** /* Private macros ------------------------------------------------------------*/
  47:Drivers/STM32G4xx_HAL_Driver/Inc/stm32g4xx_ll_pwr.h **** 
  48:Drivers/STM32G4xx_HAL_Driver/Inc/stm32g4xx_ll_pwr.h **** /* Exported types ------------------------------------------------------------*/
  49:Drivers/STM32G4xx_HAL_Driver/Inc/stm32g4xx_ll_pwr.h **** /* Exported constants --------------------------------------------------------*/
  50:Drivers/STM32G4xx_HAL_Driver/Inc/stm32g4xx_ll_pwr.h **** /** @defgroup PWR_LL_Exported_Constants PWR Exported Constants
  51:Drivers/STM32G4xx_HAL_Driver/Inc/stm32g4xx_ll_pwr.h ****   * @{
  52:Drivers/STM32G4xx_HAL_Driver/Inc/stm32g4xx_ll_pwr.h ****   */
  53:Drivers/STM32G4xx_HAL_Driver/Inc/stm32g4xx_ll_pwr.h **** 
  54:Drivers/STM32G4xx_HAL_Driver/Inc/stm32g4xx_ll_pwr.h **** /** @defgroup PWR_LL_EC_CLEAR_FLAG Clear Flags Defines
  55:Drivers/STM32G4xx_HAL_Driver/Inc/stm32g4xx_ll_pwr.h ****   * @brief    Flags defines which can be used with LL_PWR_WriteReg function
  56:Drivers/STM32G4xx_HAL_Driver/Inc/stm32g4xx_ll_pwr.h ****   * @{
  57:Drivers/STM32G4xx_HAL_Driver/Inc/stm32g4xx_ll_pwr.h ****   */
  58:Drivers/STM32G4xx_HAL_Driver/Inc/stm32g4xx_ll_pwr.h **** #define LL_PWR_SCR_CSBF                    PWR_SCR_CSBF
  59:Drivers/STM32G4xx_HAL_Driver/Inc/stm32g4xx_ll_pwr.h **** #define LL_PWR_SCR_CWUF                    PWR_SCR_CWUF
  60:Drivers/STM32G4xx_HAL_Driver/Inc/stm32g4xx_ll_pwr.h **** #define LL_PWR_SCR_CWUF5                   PWR_SCR_CWUF5
  61:Drivers/STM32G4xx_HAL_Driver/Inc/stm32g4xx_ll_pwr.h **** #define LL_PWR_SCR_CWUF4                   PWR_SCR_CWUF4
  62:Drivers/STM32G4xx_HAL_Driver/Inc/stm32g4xx_ll_pwr.h **** #define LL_PWR_SCR_CWUF3                   PWR_SCR_CWUF3
  63:Drivers/STM32G4xx_HAL_Driver/Inc/stm32g4xx_ll_pwr.h **** #define LL_PWR_SCR_CWUF2                   PWR_SCR_CWUF2
  64:Drivers/STM32G4xx_HAL_Driver/Inc/stm32g4xx_ll_pwr.h **** #define LL_PWR_SCR_CWUF1                   PWR_SCR_CWUF1
  65:Drivers/STM32G4xx_HAL_Driver/Inc/stm32g4xx_ll_pwr.h **** /**
  66:Drivers/STM32G4xx_HAL_Driver/Inc/stm32g4xx_ll_pwr.h ****   * @}
  67:Drivers/STM32G4xx_HAL_Driver/Inc/stm32g4xx_ll_pwr.h ****   */
  68:Drivers/STM32G4xx_HAL_Driver/Inc/stm32g4xx_ll_pwr.h **** 
  69:Drivers/STM32G4xx_HAL_Driver/Inc/stm32g4xx_ll_pwr.h **** /** @defgroup PWR_LL_EC_GET_FLAG Get Flags Defines
  70:Drivers/STM32G4xx_HAL_Driver/Inc/stm32g4xx_ll_pwr.h ****   * @brief    Flags defines which can be used with LL_PWR_ReadReg function
  71:Drivers/STM32G4xx_HAL_Driver/Inc/stm32g4xx_ll_pwr.h ****   * @{
  72:Drivers/STM32G4xx_HAL_Driver/Inc/stm32g4xx_ll_pwr.h ****   */
  73:Drivers/STM32G4xx_HAL_Driver/Inc/stm32g4xx_ll_pwr.h **** #define LL_PWR_SR1_WUFI                    PWR_SR1_WUFI
  74:Drivers/STM32G4xx_HAL_Driver/Inc/stm32g4xx_ll_pwr.h **** #define LL_PWR_SR1_SBF                     PWR_SR1_SBF
  75:Drivers/STM32G4xx_HAL_Driver/Inc/stm32g4xx_ll_pwr.h **** #define LL_PWR_SR1_WUF5                    PWR_SR1_WUF5
  76:Drivers/STM32G4xx_HAL_Driver/Inc/stm32g4xx_ll_pwr.h **** #define LL_PWR_SR1_WUF4                    PWR_SR1_WUF4
  77:Drivers/STM32G4xx_HAL_Driver/Inc/stm32g4xx_ll_pwr.h **** #define LL_PWR_SR1_WUF3                    PWR_SR1_WUF3
  78:Drivers/STM32G4xx_HAL_Driver/Inc/stm32g4xx_ll_pwr.h **** #define LL_PWR_SR1_WUF2                    PWR_SR1_WUF2
  79:Drivers/STM32G4xx_HAL_Driver/Inc/stm32g4xx_ll_pwr.h **** #define LL_PWR_SR1_WUF1                    PWR_SR1_WUF1
  80:Drivers/STM32G4xx_HAL_Driver/Inc/stm32g4xx_ll_pwr.h **** #if defined(PWR_SR2_PVMO4)
  81:Drivers/STM32G4xx_HAL_Driver/Inc/stm32g4xx_ll_pwr.h **** #define LL_PWR_SR2_PVMO4                   PWR_SR2_PVMO4
  82:Drivers/STM32G4xx_HAL_Driver/Inc/stm32g4xx_ll_pwr.h **** #endif /* PWR_SR2_PVMO4 */
  83:Drivers/STM32G4xx_HAL_Driver/Inc/stm32g4xx_ll_pwr.h **** #if defined(PWR_SR2_PVMO3)
ARM GAS  /tmp/ccAyJ4sl.s 			page 5


  84:Drivers/STM32G4xx_HAL_Driver/Inc/stm32g4xx_ll_pwr.h **** #define LL_PWR_SR2_PVMO3                   PWR_SR2_PVMO3
  85:Drivers/STM32G4xx_HAL_Driver/Inc/stm32g4xx_ll_pwr.h **** #endif /* PWR_SR2_PVMO3 */
  86:Drivers/STM32G4xx_HAL_Driver/Inc/stm32g4xx_ll_pwr.h **** #if defined(PWR_SR2_PVMO2)
  87:Drivers/STM32G4xx_HAL_Driver/Inc/stm32g4xx_ll_pwr.h **** #define LL_PWR_SR2_PVMO2                   PWR_SR2_PVMO2
  88:Drivers/STM32G4xx_HAL_Driver/Inc/stm32g4xx_ll_pwr.h **** #endif /* PWR_SR2_PVMO2 */
  89:Drivers/STM32G4xx_HAL_Driver/Inc/stm32g4xx_ll_pwr.h **** #if defined(PWR_SR2_PVMO1)
  90:Drivers/STM32G4xx_HAL_Driver/Inc/stm32g4xx_ll_pwr.h **** #define LL_PWR_SR2_PVMO1                   PWR_SR2_PVMO1
  91:Drivers/STM32G4xx_HAL_Driver/Inc/stm32g4xx_ll_pwr.h **** #endif /* PWR_SR2_PVMO1 */
  92:Drivers/STM32G4xx_HAL_Driver/Inc/stm32g4xx_ll_pwr.h **** #define LL_PWR_SR2_PVDO                    PWR_SR2_PVDO
  93:Drivers/STM32G4xx_HAL_Driver/Inc/stm32g4xx_ll_pwr.h **** #define LL_PWR_SR2_VOSF                    PWR_SR2_VOSF
  94:Drivers/STM32G4xx_HAL_Driver/Inc/stm32g4xx_ll_pwr.h **** #define LL_PWR_SR2_REGLPF                  PWR_SR2_REGLPF
  95:Drivers/STM32G4xx_HAL_Driver/Inc/stm32g4xx_ll_pwr.h **** #define LL_PWR_SR2_REGLPS                  PWR_SR2_REGLPS
  96:Drivers/STM32G4xx_HAL_Driver/Inc/stm32g4xx_ll_pwr.h **** /**
  97:Drivers/STM32G4xx_HAL_Driver/Inc/stm32g4xx_ll_pwr.h ****   * @}
  98:Drivers/STM32G4xx_HAL_Driver/Inc/stm32g4xx_ll_pwr.h ****   */
  99:Drivers/STM32G4xx_HAL_Driver/Inc/stm32g4xx_ll_pwr.h **** 
 100:Drivers/STM32G4xx_HAL_Driver/Inc/stm32g4xx_ll_pwr.h **** /** @defgroup PWR_LL_EC_REGU_VOLTAGE REGU VOLTAGE
 101:Drivers/STM32G4xx_HAL_Driver/Inc/stm32g4xx_ll_pwr.h ****   * @{
 102:Drivers/STM32G4xx_HAL_Driver/Inc/stm32g4xx_ll_pwr.h ****   */
 103:Drivers/STM32G4xx_HAL_Driver/Inc/stm32g4xx_ll_pwr.h **** #define LL_PWR_REGU_VOLTAGE_SCALE1         (PWR_CR1_VOS_0)
 104:Drivers/STM32G4xx_HAL_Driver/Inc/stm32g4xx_ll_pwr.h **** #define LL_PWR_REGU_VOLTAGE_SCALE2         (PWR_CR1_VOS_1)
 105:Drivers/STM32G4xx_HAL_Driver/Inc/stm32g4xx_ll_pwr.h **** /**
 106:Drivers/STM32G4xx_HAL_Driver/Inc/stm32g4xx_ll_pwr.h ****   * @}
 107:Drivers/STM32G4xx_HAL_Driver/Inc/stm32g4xx_ll_pwr.h ****   */
 108:Drivers/STM32G4xx_HAL_Driver/Inc/stm32g4xx_ll_pwr.h **** 
 109:Drivers/STM32G4xx_HAL_Driver/Inc/stm32g4xx_ll_pwr.h **** /** @defgroup PWR_LL_EC_MODE_PWR MODE PWR
 110:Drivers/STM32G4xx_HAL_Driver/Inc/stm32g4xx_ll_pwr.h ****   * @{
 111:Drivers/STM32G4xx_HAL_Driver/Inc/stm32g4xx_ll_pwr.h ****   */
 112:Drivers/STM32G4xx_HAL_Driver/Inc/stm32g4xx_ll_pwr.h **** #define LL_PWR_MODE_STOP0                  (PWR_CR1_LPMS_STOP0)
 113:Drivers/STM32G4xx_HAL_Driver/Inc/stm32g4xx_ll_pwr.h **** #define LL_PWR_MODE_STOP1                  (PWR_CR1_LPMS_STOP1)
 114:Drivers/STM32G4xx_HAL_Driver/Inc/stm32g4xx_ll_pwr.h **** #define LL_PWR_MODE_STANDBY                (PWR_CR1_LPMS_STANDBY)
 115:Drivers/STM32G4xx_HAL_Driver/Inc/stm32g4xx_ll_pwr.h **** #define LL_PWR_MODE_SHUTDOWN               (PWR_CR1_LPMS_SHUTDOWN)
 116:Drivers/STM32G4xx_HAL_Driver/Inc/stm32g4xx_ll_pwr.h **** /**
 117:Drivers/STM32G4xx_HAL_Driver/Inc/stm32g4xx_ll_pwr.h ****   * @}
 118:Drivers/STM32G4xx_HAL_Driver/Inc/stm32g4xx_ll_pwr.h ****   */
 119:Drivers/STM32G4xx_HAL_Driver/Inc/stm32g4xx_ll_pwr.h **** 
 120:Drivers/STM32G4xx_HAL_Driver/Inc/stm32g4xx_ll_pwr.h **** /** @defgroup PWR_LL_EC_PVM_VDDUSB_1 Peripheral voltage monitoring
 121:Drivers/STM32G4xx_HAL_Driver/Inc/stm32g4xx_ll_pwr.h ****   * @{
 122:Drivers/STM32G4xx_HAL_Driver/Inc/stm32g4xx_ll_pwr.h ****   */
 123:Drivers/STM32G4xx_HAL_Driver/Inc/stm32g4xx_ll_pwr.h **** #if defined(PWR_CR2_PVME1)
 124:Drivers/STM32G4xx_HAL_Driver/Inc/stm32g4xx_ll_pwr.h **** #define LL_PWR_PVM_VDDA_COMP               (PWR_CR2_PVME1)     /* Monitoring VDDA vs. x.xV */
 125:Drivers/STM32G4xx_HAL_Driver/Inc/stm32g4xx_ll_pwr.h **** #endif
 126:Drivers/STM32G4xx_HAL_Driver/Inc/stm32g4xx_ll_pwr.h **** #if defined(PWR_CR2_PVME2)
 127:Drivers/STM32G4xx_HAL_Driver/Inc/stm32g4xx_ll_pwr.h **** #define LL_PWR_PVM_VDDA_FASTDAC            (PWR_CR2_PVME2)     /* Monitoring VDDA vs. x.xV */
 128:Drivers/STM32G4xx_HAL_Driver/Inc/stm32g4xx_ll_pwr.h **** #endif
 129:Drivers/STM32G4xx_HAL_Driver/Inc/stm32g4xx_ll_pwr.h **** #if defined(PWR_CR2_PVME3)
 130:Drivers/STM32G4xx_HAL_Driver/Inc/stm32g4xx_ll_pwr.h **** #define LL_PWR_PVM_VDDA_ADC                (PWR_CR2_PVME3)     /* Monitoring VDDA vs. 1.62V  */
 131:Drivers/STM32G4xx_HAL_Driver/Inc/stm32g4xx_ll_pwr.h **** #endif
 132:Drivers/STM32G4xx_HAL_Driver/Inc/stm32g4xx_ll_pwr.h **** #if defined(PWR_CR2_PVME4)
 133:Drivers/STM32G4xx_HAL_Driver/Inc/stm32g4xx_ll_pwr.h **** #define LL_PWR_PVM_VDDA_OPAMP_DAC          (PWR_CR2_PVME4)     /* Monitoring VDDA vs. 1x.xV   */
 134:Drivers/STM32G4xx_HAL_Driver/Inc/stm32g4xx_ll_pwr.h **** #endif
 135:Drivers/STM32G4xx_HAL_Driver/Inc/stm32g4xx_ll_pwr.h **** /**
 136:Drivers/STM32G4xx_HAL_Driver/Inc/stm32g4xx_ll_pwr.h ****   * @}
 137:Drivers/STM32G4xx_HAL_Driver/Inc/stm32g4xx_ll_pwr.h ****   */
 138:Drivers/STM32G4xx_HAL_Driver/Inc/stm32g4xx_ll_pwr.h **** 
 139:Drivers/STM32G4xx_HAL_Driver/Inc/stm32g4xx_ll_pwr.h **** /** @defgroup PWR_LL_EC_PVDLEVEL PVDLEVEL
 140:Drivers/STM32G4xx_HAL_Driver/Inc/stm32g4xx_ll_pwr.h ****   * @{
ARM GAS  /tmp/ccAyJ4sl.s 			page 6


 141:Drivers/STM32G4xx_HAL_Driver/Inc/stm32g4xx_ll_pwr.h ****   */
 142:Drivers/STM32G4xx_HAL_Driver/Inc/stm32g4xx_ll_pwr.h **** #define LL_PWR_PVDLEVEL_0                  (PWR_CR2_PLS_LEV0)  /* VPVD0 around 2.0 V */
 143:Drivers/STM32G4xx_HAL_Driver/Inc/stm32g4xx_ll_pwr.h **** #define LL_PWR_PVDLEVEL_1                  (PWR_CR2_PLS_LEV1)  /* VPVD1 around 2.2 V */
 144:Drivers/STM32G4xx_HAL_Driver/Inc/stm32g4xx_ll_pwr.h **** #define LL_PWR_PVDLEVEL_2                  (PWR_CR2_PLS_LEV2)  /* VPVD2 around 2.4 V */
 145:Drivers/STM32G4xx_HAL_Driver/Inc/stm32g4xx_ll_pwr.h **** #define LL_PWR_PVDLEVEL_3                  (PWR_CR2_PLS_LEV3)  /* VPVD3 around 2.5 V */
 146:Drivers/STM32G4xx_HAL_Driver/Inc/stm32g4xx_ll_pwr.h **** #define LL_PWR_PVDLEVEL_4                  (PWR_CR2_PLS_LEV4)  /* VPVD4 around 2.6 V */
 147:Drivers/STM32G4xx_HAL_Driver/Inc/stm32g4xx_ll_pwr.h **** #define LL_PWR_PVDLEVEL_5                  (PWR_CR2_PLS_LEV5)  /* VPVD5 around 2.8 V */
 148:Drivers/STM32G4xx_HAL_Driver/Inc/stm32g4xx_ll_pwr.h **** #define LL_PWR_PVDLEVEL_6                  (PWR_CR2_PLS_LEV6)  /* VPVD6 around 2.9 V */
 149:Drivers/STM32G4xx_HAL_Driver/Inc/stm32g4xx_ll_pwr.h **** #define LL_PWR_PVDLEVEL_7                  (PWR_CR2_PLS_LEV7)  /* External input analog voltage   (
 150:Drivers/STM32G4xx_HAL_Driver/Inc/stm32g4xx_ll_pwr.h **** /**
 151:Drivers/STM32G4xx_HAL_Driver/Inc/stm32g4xx_ll_pwr.h ****   * @}
 152:Drivers/STM32G4xx_HAL_Driver/Inc/stm32g4xx_ll_pwr.h ****   */
 153:Drivers/STM32G4xx_HAL_Driver/Inc/stm32g4xx_ll_pwr.h **** 
 154:Drivers/STM32G4xx_HAL_Driver/Inc/stm32g4xx_ll_pwr.h **** /** @defgroup PWR_LL_EC_WAKEUP WAKEUP
 155:Drivers/STM32G4xx_HAL_Driver/Inc/stm32g4xx_ll_pwr.h ****   * @{
 156:Drivers/STM32G4xx_HAL_Driver/Inc/stm32g4xx_ll_pwr.h ****   */
 157:Drivers/STM32G4xx_HAL_Driver/Inc/stm32g4xx_ll_pwr.h **** #define LL_PWR_WAKEUP_PIN1                 (PWR_CR3_EWUP1)
 158:Drivers/STM32G4xx_HAL_Driver/Inc/stm32g4xx_ll_pwr.h **** #define LL_PWR_WAKEUP_PIN2                 (PWR_CR3_EWUP2)
 159:Drivers/STM32G4xx_HAL_Driver/Inc/stm32g4xx_ll_pwr.h **** #define LL_PWR_WAKEUP_PIN3                 (PWR_CR3_EWUP3)
 160:Drivers/STM32G4xx_HAL_Driver/Inc/stm32g4xx_ll_pwr.h **** #define LL_PWR_WAKEUP_PIN4                 (PWR_CR3_EWUP4)
 161:Drivers/STM32G4xx_HAL_Driver/Inc/stm32g4xx_ll_pwr.h **** #define LL_PWR_WAKEUP_PIN5                 (PWR_CR3_EWUP5)
 162:Drivers/STM32G4xx_HAL_Driver/Inc/stm32g4xx_ll_pwr.h **** /**
 163:Drivers/STM32G4xx_HAL_Driver/Inc/stm32g4xx_ll_pwr.h ****   * @}
 164:Drivers/STM32G4xx_HAL_Driver/Inc/stm32g4xx_ll_pwr.h ****   */
 165:Drivers/STM32G4xx_HAL_Driver/Inc/stm32g4xx_ll_pwr.h **** 
 166:Drivers/STM32G4xx_HAL_Driver/Inc/stm32g4xx_ll_pwr.h **** /** @defgroup PWR_LL_EC_BATT_CHARG_RESISTOR BATT CHARG RESISTOR
 167:Drivers/STM32G4xx_HAL_Driver/Inc/stm32g4xx_ll_pwr.h ****   * @{
 168:Drivers/STM32G4xx_HAL_Driver/Inc/stm32g4xx_ll_pwr.h ****   */
 169:Drivers/STM32G4xx_HAL_Driver/Inc/stm32g4xx_ll_pwr.h **** #define LL_PWR_BATT_CHARG_RESISTOR_5K      ((uint32_t)0x00000000)
 170:Drivers/STM32G4xx_HAL_Driver/Inc/stm32g4xx_ll_pwr.h **** #define LL_PWR_BATT_CHARGRESISTOR_1_5K     (PWR_CR4_VBRS)
 171:Drivers/STM32G4xx_HAL_Driver/Inc/stm32g4xx_ll_pwr.h **** /**
 172:Drivers/STM32G4xx_HAL_Driver/Inc/stm32g4xx_ll_pwr.h ****   * @}
 173:Drivers/STM32G4xx_HAL_Driver/Inc/stm32g4xx_ll_pwr.h ****   */
 174:Drivers/STM32G4xx_HAL_Driver/Inc/stm32g4xx_ll_pwr.h **** 
 175:Drivers/STM32G4xx_HAL_Driver/Inc/stm32g4xx_ll_pwr.h **** /** @defgroup PWR_LL_EC_GPIO GPIO
 176:Drivers/STM32G4xx_HAL_Driver/Inc/stm32g4xx_ll_pwr.h ****   * @{
 177:Drivers/STM32G4xx_HAL_Driver/Inc/stm32g4xx_ll_pwr.h ****   */
 178:Drivers/STM32G4xx_HAL_Driver/Inc/stm32g4xx_ll_pwr.h **** #define LL_PWR_GPIO_A                      ((uint32_t)(&(PWR->PUCRA)))
 179:Drivers/STM32G4xx_HAL_Driver/Inc/stm32g4xx_ll_pwr.h **** #define LL_PWR_GPIO_B                      ((uint32_t)(&(PWR->PUCRB)))
 180:Drivers/STM32G4xx_HAL_Driver/Inc/stm32g4xx_ll_pwr.h **** #define LL_PWR_GPIO_C                      ((uint32_t)(&(PWR->PUCRC)))
 181:Drivers/STM32G4xx_HAL_Driver/Inc/stm32g4xx_ll_pwr.h **** #define LL_PWR_GPIO_D                      ((uint32_t)(&(PWR->PUCRD)))
 182:Drivers/STM32G4xx_HAL_Driver/Inc/stm32g4xx_ll_pwr.h **** #define LL_PWR_GPIO_E                      ((uint32_t)(&(PWR->PUCRE)))
 183:Drivers/STM32G4xx_HAL_Driver/Inc/stm32g4xx_ll_pwr.h **** #define LL_PWR_GPIO_F                      ((uint32_t)(&(PWR->PUCRF)))
 184:Drivers/STM32G4xx_HAL_Driver/Inc/stm32g4xx_ll_pwr.h **** #define LL_PWR_GPIO_G                      ((uint32_t)(&(PWR->PUCRG)))
 185:Drivers/STM32G4xx_HAL_Driver/Inc/stm32g4xx_ll_pwr.h **** /**
 186:Drivers/STM32G4xx_HAL_Driver/Inc/stm32g4xx_ll_pwr.h ****   * @}
 187:Drivers/STM32G4xx_HAL_Driver/Inc/stm32g4xx_ll_pwr.h ****   */
 188:Drivers/STM32G4xx_HAL_Driver/Inc/stm32g4xx_ll_pwr.h **** 
 189:Drivers/STM32G4xx_HAL_Driver/Inc/stm32g4xx_ll_pwr.h **** /** @defgroup PWR_LL_EC_GPIO_BIT GPIO BIT
 190:Drivers/STM32G4xx_HAL_Driver/Inc/stm32g4xx_ll_pwr.h ****   * @{
 191:Drivers/STM32G4xx_HAL_Driver/Inc/stm32g4xx_ll_pwr.h ****   */
 192:Drivers/STM32G4xx_HAL_Driver/Inc/stm32g4xx_ll_pwr.h **** #define LL_PWR_GPIO_BIT_0                  ((uint32_t)0x00000001)
 193:Drivers/STM32G4xx_HAL_Driver/Inc/stm32g4xx_ll_pwr.h **** #define LL_PWR_GPIO_BIT_1                  ((uint32_t)0x00000002)
 194:Drivers/STM32G4xx_HAL_Driver/Inc/stm32g4xx_ll_pwr.h **** #define LL_PWR_GPIO_BIT_2                  ((uint32_t)0x00000004)
 195:Drivers/STM32G4xx_HAL_Driver/Inc/stm32g4xx_ll_pwr.h **** #define LL_PWR_GPIO_BIT_3                  ((uint32_t)0x00000008)
 196:Drivers/STM32G4xx_HAL_Driver/Inc/stm32g4xx_ll_pwr.h **** #define LL_PWR_GPIO_BIT_4                  ((uint32_t)0x00000010)
 197:Drivers/STM32G4xx_HAL_Driver/Inc/stm32g4xx_ll_pwr.h **** #define LL_PWR_GPIO_BIT_5                  ((uint32_t)0x00000020)
ARM GAS  /tmp/ccAyJ4sl.s 			page 7


 198:Drivers/STM32G4xx_HAL_Driver/Inc/stm32g4xx_ll_pwr.h **** #define LL_PWR_GPIO_BIT_6                  ((uint32_t)0x00000040)
 199:Drivers/STM32G4xx_HAL_Driver/Inc/stm32g4xx_ll_pwr.h **** #define LL_PWR_GPIO_BIT_7                  ((uint32_t)0x00000080)
 200:Drivers/STM32G4xx_HAL_Driver/Inc/stm32g4xx_ll_pwr.h **** #define LL_PWR_GPIO_BIT_8                  ((uint32_t)0x00000100)
 201:Drivers/STM32G4xx_HAL_Driver/Inc/stm32g4xx_ll_pwr.h **** #define LL_PWR_GPIO_BIT_9                  ((uint32_t)0x00000200)
 202:Drivers/STM32G4xx_HAL_Driver/Inc/stm32g4xx_ll_pwr.h **** #define LL_PWR_GPIO_BIT_10                 ((uint32_t)0x00000400)
 203:Drivers/STM32G4xx_HAL_Driver/Inc/stm32g4xx_ll_pwr.h **** #define LL_PWR_GPIO_BIT_11                 ((uint32_t)0x00000800)
 204:Drivers/STM32G4xx_HAL_Driver/Inc/stm32g4xx_ll_pwr.h **** #define LL_PWR_GPIO_BIT_12                 ((uint32_t)0x00001000)
 205:Drivers/STM32G4xx_HAL_Driver/Inc/stm32g4xx_ll_pwr.h **** #define LL_PWR_GPIO_BIT_13                 ((uint32_t)0x00002000)
 206:Drivers/STM32G4xx_HAL_Driver/Inc/stm32g4xx_ll_pwr.h **** #define LL_PWR_GPIO_BIT_14                 ((uint32_t)0x00004000)
 207:Drivers/STM32G4xx_HAL_Driver/Inc/stm32g4xx_ll_pwr.h **** #define LL_PWR_GPIO_BIT_15                 ((uint32_t)0x00008000)
 208:Drivers/STM32G4xx_HAL_Driver/Inc/stm32g4xx_ll_pwr.h **** /**
 209:Drivers/STM32G4xx_HAL_Driver/Inc/stm32g4xx_ll_pwr.h ****   * @}
 210:Drivers/STM32G4xx_HAL_Driver/Inc/stm32g4xx_ll_pwr.h ****   */
 211:Drivers/STM32G4xx_HAL_Driver/Inc/stm32g4xx_ll_pwr.h **** 
 212:Drivers/STM32G4xx_HAL_Driver/Inc/stm32g4xx_ll_pwr.h **** /**
 213:Drivers/STM32G4xx_HAL_Driver/Inc/stm32g4xx_ll_pwr.h ****   * @}
 214:Drivers/STM32G4xx_HAL_Driver/Inc/stm32g4xx_ll_pwr.h ****   */
 215:Drivers/STM32G4xx_HAL_Driver/Inc/stm32g4xx_ll_pwr.h **** 
 216:Drivers/STM32G4xx_HAL_Driver/Inc/stm32g4xx_ll_pwr.h **** /* Exported macro ------------------------------------------------------------*/
 217:Drivers/STM32G4xx_HAL_Driver/Inc/stm32g4xx_ll_pwr.h **** /** @defgroup PWR_LL_Exported_Macros PWR Exported Macros
 218:Drivers/STM32G4xx_HAL_Driver/Inc/stm32g4xx_ll_pwr.h ****   * @{
 219:Drivers/STM32G4xx_HAL_Driver/Inc/stm32g4xx_ll_pwr.h ****   */
 220:Drivers/STM32G4xx_HAL_Driver/Inc/stm32g4xx_ll_pwr.h **** 
 221:Drivers/STM32G4xx_HAL_Driver/Inc/stm32g4xx_ll_pwr.h **** /** @defgroup PWR_LL_EM_WRITE_READ Common Write and read registers Macros
 222:Drivers/STM32G4xx_HAL_Driver/Inc/stm32g4xx_ll_pwr.h ****   * @{
 223:Drivers/STM32G4xx_HAL_Driver/Inc/stm32g4xx_ll_pwr.h ****   */
 224:Drivers/STM32G4xx_HAL_Driver/Inc/stm32g4xx_ll_pwr.h **** 
 225:Drivers/STM32G4xx_HAL_Driver/Inc/stm32g4xx_ll_pwr.h **** /**
 226:Drivers/STM32G4xx_HAL_Driver/Inc/stm32g4xx_ll_pwr.h ****   * @brief  Write a value in PWR register
 227:Drivers/STM32G4xx_HAL_Driver/Inc/stm32g4xx_ll_pwr.h ****   * @param  __REG__ Register to be written
 228:Drivers/STM32G4xx_HAL_Driver/Inc/stm32g4xx_ll_pwr.h ****   * @param  __VALUE__ Value to be written in the register
 229:Drivers/STM32G4xx_HAL_Driver/Inc/stm32g4xx_ll_pwr.h ****   * @retval None
 230:Drivers/STM32G4xx_HAL_Driver/Inc/stm32g4xx_ll_pwr.h ****   */
 231:Drivers/STM32G4xx_HAL_Driver/Inc/stm32g4xx_ll_pwr.h **** #define LL_PWR_WriteReg(__REG__, __VALUE__) WRITE_REG(PWR->__REG__, (__VALUE__))
 232:Drivers/STM32G4xx_HAL_Driver/Inc/stm32g4xx_ll_pwr.h **** 
 233:Drivers/STM32G4xx_HAL_Driver/Inc/stm32g4xx_ll_pwr.h **** /**
 234:Drivers/STM32G4xx_HAL_Driver/Inc/stm32g4xx_ll_pwr.h ****   * @brief  Read a value in PWR register
 235:Drivers/STM32G4xx_HAL_Driver/Inc/stm32g4xx_ll_pwr.h ****   * @param  __REG__ Register to be read
 236:Drivers/STM32G4xx_HAL_Driver/Inc/stm32g4xx_ll_pwr.h ****   * @retval Register value
 237:Drivers/STM32G4xx_HAL_Driver/Inc/stm32g4xx_ll_pwr.h ****   */
 238:Drivers/STM32G4xx_HAL_Driver/Inc/stm32g4xx_ll_pwr.h **** #define LL_PWR_ReadReg(__REG__) READ_REG(PWR->__REG__)
 239:Drivers/STM32G4xx_HAL_Driver/Inc/stm32g4xx_ll_pwr.h **** /**
 240:Drivers/STM32G4xx_HAL_Driver/Inc/stm32g4xx_ll_pwr.h ****   * @}
 241:Drivers/STM32G4xx_HAL_Driver/Inc/stm32g4xx_ll_pwr.h ****   */
 242:Drivers/STM32G4xx_HAL_Driver/Inc/stm32g4xx_ll_pwr.h **** 
 243:Drivers/STM32G4xx_HAL_Driver/Inc/stm32g4xx_ll_pwr.h **** /**
 244:Drivers/STM32G4xx_HAL_Driver/Inc/stm32g4xx_ll_pwr.h ****   * @}
 245:Drivers/STM32G4xx_HAL_Driver/Inc/stm32g4xx_ll_pwr.h ****   */
 246:Drivers/STM32G4xx_HAL_Driver/Inc/stm32g4xx_ll_pwr.h **** 
 247:Drivers/STM32G4xx_HAL_Driver/Inc/stm32g4xx_ll_pwr.h **** 
 248:Drivers/STM32G4xx_HAL_Driver/Inc/stm32g4xx_ll_pwr.h **** /* Exported functions --------------------------------------------------------*/
 249:Drivers/STM32G4xx_HAL_Driver/Inc/stm32g4xx_ll_pwr.h **** /** @defgroup PWR_LL_Exported_Functions PWR Exported Functions
 250:Drivers/STM32G4xx_HAL_Driver/Inc/stm32g4xx_ll_pwr.h ****   * @{
 251:Drivers/STM32G4xx_HAL_Driver/Inc/stm32g4xx_ll_pwr.h ****   */
 252:Drivers/STM32G4xx_HAL_Driver/Inc/stm32g4xx_ll_pwr.h **** 
 253:Drivers/STM32G4xx_HAL_Driver/Inc/stm32g4xx_ll_pwr.h **** /** @defgroup PWR_LL_EF_Configuration Configuration
 254:Drivers/STM32G4xx_HAL_Driver/Inc/stm32g4xx_ll_pwr.h ****   * @{
ARM GAS  /tmp/ccAyJ4sl.s 			page 8


 255:Drivers/STM32G4xx_HAL_Driver/Inc/stm32g4xx_ll_pwr.h ****   */
 256:Drivers/STM32G4xx_HAL_Driver/Inc/stm32g4xx_ll_pwr.h **** 
 257:Drivers/STM32G4xx_HAL_Driver/Inc/stm32g4xx_ll_pwr.h **** /**
 258:Drivers/STM32G4xx_HAL_Driver/Inc/stm32g4xx_ll_pwr.h ****   * @brief  Switch the regulator from main mode to low-power mode
 259:Drivers/STM32G4xx_HAL_Driver/Inc/stm32g4xx_ll_pwr.h ****   * @rmtoll CR1          LPR           LL_PWR_EnableLowPowerRunMode
 260:Drivers/STM32G4xx_HAL_Driver/Inc/stm32g4xx_ll_pwr.h ****   * @retval None
 261:Drivers/STM32G4xx_HAL_Driver/Inc/stm32g4xx_ll_pwr.h ****   */
 262:Drivers/STM32G4xx_HAL_Driver/Inc/stm32g4xx_ll_pwr.h **** __STATIC_INLINE void LL_PWR_EnableLowPowerRunMode(void)
 263:Drivers/STM32G4xx_HAL_Driver/Inc/stm32g4xx_ll_pwr.h **** {
 264:Drivers/STM32G4xx_HAL_Driver/Inc/stm32g4xx_ll_pwr.h ****   SET_BIT(PWR->CR1, PWR_CR1_LPR);
 265:Drivers/STM32G4xx_HAL_Driver/Inc/stm32g4xx_ll_pwr.h **** }
 266:Drivers/STM32G4xx_HAL_Driver/Inc/stm32g4xx_ll_pwr.h **** 
 267:Drivers/STM32G4xx_HAL_Driver/Inc/stm32g4xx_ll_pwr.h **** /**
 268:Drivers/STM32G4xx_HAL_Driver/Inc/stm32g4xx_ll_pwr.h ****   * @brief  Switch the regulator from low-power mode to main mode
 269:Drivers/STM32G4xx_HAL_Driver/Inc/stm32g4xx_ll_pwr.h ****   * @rmtoll CR1          LPR           LL_PWR_DisableLowPowerRunMode
 270:Drivers/STM32G4xx_HAL_Driver/Inc/stm32g4xx_ll_pwr.h ****   * @retval None
 271:Drivers/STM32G4xx_HAL_Driver/Inc/stm32g4xx_ll_pwr.h ****   */
 272:Drivers/STM32G4xx_HAL_Driver/Inc/stm32g4xx_ll_pwr.h **** __STATIC_INLINE void LL_PWR_DisableLowPowerRunMode(void)
 273:Drivers/STM32G4xx_HAL_Driver/Inc/stm32g4xx_ll_pwr.h **** {
 274:Drivers/STM32G4xx_HAL_Driver/Inc/stm32g4xx_ll_pwr.h ****   CLEAR_BIT(PWR->CR1, PWR_CR1_LPR);
 275:Drivers/STM32G4xx_HAL_Driver/Inc/stm32g4xx_ll_pwr.h **** }
 276:Drivers/STM32G4xx_HAL_Driver/Inc/stm32g4xx_ll_pwr.h **** 
 277:Drivers/STM32G4xx_HAL_Driver/Inc/stm32g4xx_ll_pwr.h **** /**
 278:Drivers/STM32G4xx_HAL_Driver/Inc/stm32g4xx_ll_pwr.h ****   * @brief  Check if the regulator is in low-power mode
 279:Drivers/STM32G4xx_HAL_Driver/Inc/stm32g4xx_ll_pwr.h ****   * @rmtoll CR1          LPR           LL_PWR_IsEnabledLowPowerRunMode
 280:Drivers/STM32G4xx_HAL_Driver/Inc/stm32g4xx_ll_pwr.h ****   * @retval State of bit (1 or 0).
 281:Drivers/STM32G4xx_HAL_Driver/Inc/stm32g4xx_ll_pwr.h ****   */
 282:Drivers/STM32G4xx_HAL_Driver/Inc/stm32g4xx_ll_pwr.h **** __STATIC_INLINE uint32_t LL_PWR_IsEnabledLowPowerRunMode(void)
 283:Drivers/STM32G4xx_HAL_Driver/Inc/stm32g4xx_ll_pwr.h **** {
 284:Drivers/STM32G4xx_HAL_Driver/Inc/stm32g4xx_ll_pwr.h ****   uint32_t temp;
 285:Drivers/STM32G4xx_HAL_Driver/Inc/stm32g4xx_ll_pwr.h ****   temp = READ_BIT(PWR->CR1, PWR_CR1_LPR);
 286:Drivers/STM32G4xx_HAL_Driver/Inc/stm32g4xx_ll_pwr.h **** 
 287:Drivers/STM32G4xx_HAL_Driver/Inc/stm32g4xx_ll_pwr.h ****   return ((temp == (PWR_CR1_LPR))?1U:0U);
 288:Drivers/STM32G4xx_HAL_Driver/Inc/stm32g4xx_ll_pwr.h **** 
 289:Drivers/STM32G4xx_HAL_Driver/Inc/stm32g4xx_ll_pwr.h **** }
 290:Drivers/STM32G4xx_HAL_Driver/Inc/stm32g4xx_ll_pwr.h **** 
 291:Drivers/STM32G4xx_HAL_Driver/Inc/stm32g4xx_ll_pwr.h **** /**
 292:Drivers/STM32G4xx_HAL_Driver/Inc/stm32g4xx_ll_pwr.h ****   * @brief  Switch from run main mode to run low-power mode.
 293:Drivers/STM32G4xx_HAL_Driver/Inc/stm32g4xx_ll_pwr.h ****   * @rmtoll CR1          LPR           LL_PWR_EnterLowPowerRunMode
 294:Drivers/STM32G4xx_HAL_Driver/Inc/stm32g4xx_ll_pwr.h ****   * @retval None
 295:Drivers/STM32G4xx_HAL_Driver/Inc/stm32g4xx_ll_pwr.h ****   */
 296:Drivers/STM32G4xx_HAL_Driver/Inc/stm32g4xx_ll_pwr.h **** __STATIC_INLINE void LL_PWR_EnterLowPowerRunMode(void)
 297:Drivers/STM32G4xx_HAL_Driver/Inc/stm32g4xx_ll_pwr.h **** {
 298:Drivers/STM32G4xx_HAL_Driver/Inc/stm32g4xx_ll_pwr.h ****   LL_PWR_EnableLowPowerRunMode();
 299:Drivers/STM32G4xx_HAL_Driver/Inc/stm32g4xx_ll_pwr.h **** }
 300:Drivers/STM32G4xx_HAL_Driver/Inc/stm32g4xx_ll_pwr.h **** 
 301:Drivers/STM32G4xx_HAL_Driver/Inc/stm32g4xx_ll_pwr.h **** /**
 302:Drivers/STM32G4xx_HAL_Driver/Inc/stm32g4xx_ll_pwr.h ****   * @brief  Switch from run main mode to low-power mode.
 303:Drivers/STM32G4xx_HAL_Driver/Inc/stm32g4xx_ll_pwr.h ****   * @rmtoll CR1          LPR           LL_PWR_ExitLowPowerRunMode
 304:Drivers/STM32G4xx_HAL_Driver/Inc/stm32g4xx_ll_pwr.h ****   * @retval None
 305:Drivers/STM32G4xx_HAL_Driver/Inc/stm32g4xx_ll_pwr.h ****   */
 306:Drivers/STM32G4xx_HAL_Driver/Inc/stm32g4xx_ll_pwr.h **** __STATIC_INLINE void LL_PWR_ExitLowPowerRunMode(void)
 307:Drivers/STM32G4xx_HAL_Driver/Inc/stm32g4xx_ll_pwr.h **** {
 308:Drivers/STM32G4xx_HAL_Driver/Inc/stm32g4xx_ll_pwr.h ****   LL_PWR_DisableLowPowerRunMode();
 309:Drivers/STM32G4xx_HAL_Driver/Inc/stm32g4xx_ll_pwr.h **** }
 310:Drivers/STM32G4xx_HAL_Driver/Inc/stm32g4xx_ll_pwr.h **** 
 311:Drivers/STM32G4xx_HAL_Driver/Inc/stm32g4xx_ll_pwr.h **** /**
ARM GAS  /tmp/ccAyJ4sl.s 			page 9


 312:Drivers/STM32G4xx_HAL_Driver/Inc/stm32g4xx_ll_pwr.h ****   * @brief  Set the main internal regulator output voltage
 313:Drivers/STM32G4xx_HAL_Driver/Inc/stm32g4xx_ll_pwr.h ****   * @rmtoll CR1          VOS           LL_PWR_SetRegulVoltageScaling
 314:Drivers/STM32G4xx_HAL_Driver/Inc/stm32g4xx_ll_pwr.h ****   * @param  VoltageScaling This parameter can be one of the following values:
 315:Drivers/STM32G4xx_HAL_Driver/Inc/stm32g4xx_ll_pwr.h ****   *         @arg @ref LL_PWR_REGU_VOLTAGE_SCALE1
 316:Drivers/STM32G4xx_HAL_Driver/Inc/stm32g4xx_ll_pwr.h ****   *         @arg @ref LL_PWR_REGU_VOLTAGE_SCALE2
 317:Drivers/STM32G4xx_HAL_Driver/Inc/stm32g4xx_ll_pwr.h ****   * @retval None
 318:Drivers/STM32G4xx_HAL_Driver/Inc/stm32g4xx_ll_pwr.h ****   */
 319:Drivers/STM32G4xx_HAL_Driver/Inc/stm32g4xx_ll_pwr.h **** __STATIC_INLINE void LL_PWR_SetRegulVoltageScaling(uint32_t VoltageScaling)
 320:Drivers/STM32G4xx_HAL_Driver/Inc/stm32g4xx_ll_pwr.h **** {
 321:Drivers/STM32G4xx_HAL_Driver/Inc/stm32g4xx_ll_pwr.h ****   MODIFY_REG(PWR->CR1, PWR_CR1_VOS, VoltageScaling);
 322:Drivers/STM32G4xx_HAL_Driver/Inc/stm32g4xx_ll_pwr.h **** }
 323:Drivers/STM32G4xx_HAL_Driver/Inc/stm32g4xx_ll_pwr.h **** 
 324:Drivers/STM32G4xx_HAL_Driver/Inc/stm32g4xx_ll_pwr.h **** /**
 325:Drivers/STM32G4xx_HAL_Driver/Inc/stm32g4xx_ll_pwr.h ****   * @brief  Get the main internal regulator output voltage
 326:Drivers/STM32G4xx_HAL_Driver/Inc/stm32g4xx_ll_pwr.h ****   * @rmtoll CR1          VOS           LL_PWR_GetRegulVoltageScaling
 327:Drivers/STM32G4xx_HAL_Driver/Inc/stm32g4xx_ll_pwr.h ****   * @retval Returned value can be one of the following values:
 328:Drivers/STM32G4xx_HAL_Driver/Inc/stm32g4xx_ll_pwr.h ****   *         @arg @ref LL_PWR_REGU_VOLTAGE_SCALE1
 329:Drivers/STM32G4xx_HAL_Driver/Inc/stm32g4xx_ll_pwr.h ****   *         @arg @ref LL_PWR_REGU_VOLTAGE_SCALE2
 330:Drivers/STM32G4xx_HAL_Driver/Inc/stm32g4xx_ll_pwr.h ****   */
 331:Drivers/STM32G4xx_HAL_Driver/Inc/stm32g4xx_ll_pwr.h **** __STATIC_INLINE uint32_t LL_PWR_GetRegulVoltageScaling(void)
 332:Drivers/STM32G4xx_HAL_Driver/Inc/stm32g4xx_ll_pwr.h **** {
 333:Drivers/STM32G4xx_HAL_Driver/Inc/stm32g4xx_ll_pwr.h ****   return (uint32_t)(READ_BIT(PWR->CR1, PWR_CR1_VOS));
 334:Drivers/STM32G4xx_HAL_Driver/Inc/stm32g4xx_ll_pwr.h **** }
 335:Drivers/STM32G4xx_HAL_Driver/Inc/stm32g4xx_ll_pwr.h **** 
 336:Drivers/STM32G4xx_HAL_Driver/Inc/stm32g4xx_ll_pwr.h **** #if defined(PWR_CR5_R1MODE)
 337:Drivers/STM32G4xx_HAL_Driver/Inc/stm32g4xx_ll_pwr.h **** /**
 338:Drivers/STM32G4xx_HAL_Driver/Inc/stm32g4xx_ll_pwr.h ****   * @brief  Enable main regulator voltage range 1 boost mode
 339:Drivers/STM32G4xx_HAL_Driver/Inc/stm32g4xx_ll_pwr.h ****   * @rmtoll CR5          R1MODE        LL_PWR_EnableRange1BoostMode
 340:Drivers/STM32G4xx_HAL_Driver/Inc/stm32g4xx_ll_pwr.h ****   * @retval None
 341:Drivers/STM32G4xx_HAL_Driver/Inc/stm32g4xx_ll_pwr.h ****   */
 342:Drivers/STM32G4xx_HAL_Driver/Inc/stm32g4xx_ll_pwr.h **** __STATIC_INLINE void LL_PWR_EnableRange1BoostMode(void)
 343:Drivers/STM32G4xx_HAL_Driver/Inc/stm32g4xx_ll_pwr.h **** {
 344:Drivers/STM32G4xx_HAL_Driver/Inc/stm32g4xx_ll_pwr.h ****   CLEAR_BIT(PWR->CR5, PWR_CR5_R1MODE);
 345:Drivers/STM32G4xx_HAL_Driver/Inc/stm32g4xx_ll_pwr.h **** }
 346:Drivers/STM32G4xx_HAL_Driver/Inc/stm32g4xx_ll_pwr.h **** 
 347:Drivers/STM32G4xx_HAL_Driver/Inc/stm32g4xx_ll_pwr.h **** /**
 348:Drivers/STM32G4xx_HAL_Driver/Inc/stm32g4xx_ll_pwr.h ****   * @brief  Disable main regulator voltage range 1 boost mode
 349:Drivers/STM32G4xx_HAL_Driver/Inc/stm32g4xx_ll_pwr.h ****   * @rmtoll CR5          R1MODE        LL_PWR_DisableRange1BoostMode
 350:Drivers/STM32G4xx_HAL_Driver/Inc/stm32g4xx_ll_pwr.h ****   * @retval None
 351:Drivers/STM32G4xx_HAL_Driver/Inc/stm32g4xx_ll_pwr.h ****   */
 352:Drivers/STM32G4xx_HAL_Driver/Inc/stm32g4xx_ll_pwr.h **** __STATIC_INLINE void LL_PWR_DisableRange1BoostMode(void)
 353:Drivers/STM32G4xx_HAL_Driver/Inc/stm32g4xx_ll_pwr.h **** {
 354:Drivers/STM32G4xx_HAL_Driver/Inc/stm32g4xx_ll_pwr.h ****   SET_BIT(PWR->CR5, PWR_CR5_R1MODE);
 355:Drivers/STM32G4xx_HAL_Driver/Inc/stm32g4xx_ll_pwr.h **** }
 356:Drivers/STM32G4xx_HAL_Driver/Inc/stm32g4xx_ll_pwr.h **** 
 357:Drivers/STM32G4xx_HAL_Driver/Inc/stm32g4xx_ll_pwr.h **** /**
 358:Drivers/STM32G4xx_HAL_Driver/Inc/stm32g4xx_ll_pwr.h ****   * @brief  Check if the main regulator voltage range 1 boost mode is enabled
 359:Drivers/STM32G4xx_HAL_Driver/Inc/stm32g4xx_ll_pwr.h ****   * @rmtoll CR5          R1MODE        LL_PWR_IsEnabledRange1BoostMode
 360:Drivers/STM32G4xx_HAL_Driver/Inc/stm32g4xx_ll_pwr.h ****   * @retval Inverted state of bit (0 or 1).
 361:Drivers/STM32G4xx_HAL_Driver/Inc/stm32g4xx_ll_pwr.h ****   */
 362:Drivers/STM32G4xx_HAL_Driver/Inc/stm32g4xx_ll_pwr.h **** __STATIC_INLINE uint32_t LL_PWR_IsEnabledRange1BoostMode(void)
 363:Drivers/STM32G4xx_HAL_Driver/Inc/stm32g4xx_ll_pwr.h **** {
 364:Drivers/STM32G4xx_HAL_Driver/Inc/stm32g4xx_ll_pwr.h ****   uint32_t temp;
 365:Drivers/STM32G4xx_HAL_Driver/Inc/stm32g4xx_ll_pwr.h ****   temp = READ_BIT(PWR->CR5, PWR_CR5_R1MODE);
 366:Drivers/STM32G4xx_HAL_Driver/Inc/stm32g4xx_ll_pwr.h **** 
 367:Drivers/STM32G4xx_HAL_Driver/Inc/stm32g4xx_ll_pwr.h ****   return ((temp == (0U))?1U:0U);
 368:Drivers/STM32G4xx_HAL_Driver/Inc/stm32g4xx_ll_pwr.h **** }
ARM GAS  /tmp/ccAyJ4sl.s 			page 10


 369:Drivers/STM32G4xx_HAL_Driver/Inc/stm32g4xx_ll_pwr.h **** #endif /* PWR_CR5_R1MODE */
 370:Drivers/STM32G4xx_HAL_Driver/Inc/stm32g4xx_ll_pwr.h **** 
 371:Drivers/STM32G4xx_HAL_Driver/Inc/stm32g4xx_ll_pwr.h **** /**
 372:Drivers/STM32G4xx_HAL_Driver/Inc/stm32g4xx_ll_pwr.h ****   * @brief  Enable access to the backup domain
 373:Drivers/STM32G4xx_HAL_Driver/Inc/stm32g4xx_ll_pwr.h ****   * @rmtoll CR1          DBP           LL_PWR_EnableBkUpAccess
 374:Drivers/STM32G4xx_HAL_Driver/Inc/stm32g4xx_ll_pwr.h ****   * @retval None
 375:Drivers/STM32G4xx_HAL_Driver/Inc/stm32g4xx_ll_pwr.h ****   */
 376:Drivers/STM32G4xx_HAL_Driver/Inc/stm32g4xx_ll_pwr.h **** __STATIC_INLINE void LL_PWR_EnableBkUpAccess(void)
 377:Drivers/STM32G4xx_HAL_Driver/Inc/stm32g4xx_ll_pwr.h **** {
 378:Drivers/STM32G4xx_HAL_Driver/Inc/stm32g4xx_ll_pwr.h ****   SET_BIT(PWR->CR1, PWR_CR1_DBP);
 379:Drivers/STM32G4xx_HAL_Driver/Inc/stm32g4xx_ll_pwr.h **** }
 380:Drivers/STM32G4xx_HAL_Driver/Inc/stm32g4xx_ll_pwr.h **** 
 381:Drivers/STM32G4xx_HAL_Driver/Inc/stm32g4xx_ll_pwr.h **** /**
 382:Drivers/STM32G4xx_HAL_Driver/Inc/stm32g4xx_ll_pwr.h ****   * @brief  Disable access to the backup domain
 383:Drivers/STM32G4xx_HAL_Driver/Inc/stm32g4xx_ll_pwr.h ****   * @rmtoll CR1          DBP           LL_PWR_DisableBkUpAccess
 384:Drivers/STM32G4xx_HAL_Driver/Inc/stm32g4xx_ll_pwr.h ****   * @retval None
 385:Drivers/STM32G4xx_HAL_Driver/Inc/stm32g4xx_ll_pwr.h ****   */
 386:Drivers/STM32G4xx_HAL_Driver/Inc/stm32g4xx_ll_pwr.h **** __STATIC_INLINE void LL_PWR_DisableBkUpAccess(void)
 387:Drivers/STM32G4xx_HAL_Driver/Inc/stm32g4xx_ll_pwr.h **** {
 388:Drivers/STM32G4xx_HAL_Driver/Inc/stm32g4xx_ll_pwr.h ****   CLEAR_BIT(PWR->CR1, PWR_CR1_DBP);
 389:Drivers/STM32G4xx_HAL_Driver/Inc/stm32g4xx_ll_pwr.h **** }
 390:Drivers/STM32G4xx_HAL_Driver/Inc/stm32g4xx_ll_pwr.h **** 
 391:Drivers/STM32G4xx_HAL_Driver/Inc/stm32g4xx_ll_pwr.h **** /**
 392:Drivers/STM32G4xx_HAL_Driver/Inc/stm32g4xx_ll_pwr.h ****   * @brief  Check if the backup domain is enabled
 393:Drivers/STM32G4xx_HAL_Driver/Inc/stm32g4xx_ll_pwr.h ****   * @rmtoll CR1          DBP           LL_PWR_IsEnabledBkUpAccess
 394:Drivers/STM32G4xx_HAL_Driver/Inc/stm32g4xx_ll_pwr.h ****   * @retval State of bit (1 or 0).
 395:Drivers/STM32G4xx_HAL_Driver/Inc/stm32g4xx_ll_pwr.h ****   */
 396:Drivers/STM32G4xx_HAL_Driver/Inc/stm32g4xx_ll_pwr.h **** __STATIC_INLINE uint32_t LL_PWR_IsEnabledBkUpAccess(void)
 397:Drivers/STM32G4xx_HAL_Driver/Inc/stm32g4xx_ll_pwr.h **** {
 398:Drivers/STM32G4xx_HAL_Driver/Inc/stm32g4xx_ll_pwr.h ****   uint32_t temp;
 399:Drivers/STM32G4xx_HAL_Driver/Inc/stm32g4xx_ll_pwr.h ****   temp = READ_BIT(PWR->CR1, PWR_CR1_DBP);
 400:Drivers/STM32G4xx_HAL_Driver/Inc/stm32g4xx_ll_pwr.h **** 
 401:Drivers/STM32G4xx_HAL_Driver/Inc/stm32g4xx_ll_pwr.h ****   return ((temp == (PWR_CR1_DBP))?1U:0U);
 402:Drivers/STM32G4xx_HAL_Driver/Inc/stm32g4xx_ll_pwr.h **** 
 403:Drivers/STM32G4xx_HAL_Driver/Inc/stm32g4xx_ll_pwr.h **** }
 404:Drivers/STM32G4xx_HAL_Driver/Inc/stm32g4xx_ll_pwr.h **** 
 405:Drivers/STM32G4xx_HAL_Driver/Inc/stm32g4xx_ll_pwr.h **** /**
 406:Drivers/STM32G4xx_HAL_Driver/Inc/stm32g4xx_ll_pwr.h ****   * @brief  Set Low-Power mode
 407:Drivers/STM32G4xx_HAL_Driver/Inc/stm32g4xx_ll_pwr.h ****   * @rmtoll CR1          LPMS          LL_PWR_SetPowerMode
 408:Drivers/STM32G4xx_HAL_Driver/Inc/stm32g4xx_ll_pwr.h ****   * @param  LowPowerMode This parameter can be one of the following values:
 409:Drivers/STM32G4xx_HAL_Driver/Inc/stm32g4xx_ll_pwr.h ****   *         @arg @ref LL_PWR_MODE_STOP0
 410:Drivers/STM32G4xx_HAL_Driver/Inc/stm32g4xx_ll_pwr.h ****   *         @arg @ref LL_PWR_MODE_STOP1
 411:Drivers/STM32G4xx_HAL_Driver/Inc/stm32g4xx_ll_pwr.h ****   *         @arg @ref LL_PWR_MODE_STANDBY
 412:Drivers/STM32G4xx_HAL_Driver/Inc/stm32g4xx_ll_pwr.h ****   *         @arg @ref LL_PWR_MODE_SHUTDOWN
 413:Drivers/STM32G4xx_HAL_Driver/Inc/stm32g4xx_ll_pwr.h ****   * @retval None
 414:Drivers/STM32G4xx_HAL_Driver/Inc/stm32g4xx_ll_pwr.h ****   */
 415:Drivers/STM32G4xx_HAL_Driver/Inc/stm32g4xx_ll_pwr.h **** __STATIC_INLINE void LL_PWR_SetPowerMode(uint32_t LowPowerMode)
 416:Drivers/STM32G4xx_HAL_Driver/Inc/stm32g4xx_ll_pwr.h **** {
 417:Drivers/STM32G4xx_HAL_Driver/Inc/stm32g4xx_ll_pwr.h ****   MODIFY_REG(PWR->CR1, PWR_CR1_LPMS, LowPowerMode);
 418:Drivers/STM32G4xx_HAL_Driver/Inc/stm32g4xx_ll_pwr.h **** }
 419:Drivers/STM32G4xx_HAL_Driver/Inc/stm32g4xx_ll_pwr.h **** 
 420:Drivers/STM32G4xx_HAL_Driver/Inc/stm32g4xx_ll_pwr.h **** /**
 421:Drivers/STM32G4xx_HAL_Driver/Inc/stm32g4xx_ll_pwr.h ****   * @brief  Get Low-Power mode
 422:Drivers/STM32G4xx_HAL_Driver/Inc/stm32g4xx_ll_pwr.h ****   * @rmtoll CR1          LPMS          LL_PWR_GetPowerMode
 423:Drivers/STM32G4xx_HAL_Driver/Inc/stm32g4xx_ll_pwr.h ****   * @retval Returned value can be one of the following values:
 424:Drivers/STM32G4xx_HAL_Driver/Inc/stm32g4xx_ll_pwr.h ****   *         @arg @ref LL_PWR_MODE_STOP0
 425:Drivers/STM32G4xx_HAL_Driver/Inc/stm32g4xx_ll_pwr.h ****   *         @arg @ref LL_PWR_MODE_STOP1
ARM GAS  /tmp/ccAyJ4sl.s 			page 11


 426:Drivers/STM32G4xx_HAL_Driver/Inc/stm32g4xx_ll_pwr.h ****   *         @arg @ref LL_PWR_MODE_STANDBY
 427:Drivers/STM32G4xx_HAL_Driver/Inc/stm32g4xx_ll_pwr.h ****   *         @arg @ref LL_PWR_MODE_SHUTDOWN
 428:Drivers/STM32G4xx_HAL_Driver/Inc/stm32g4xx_ll_pwr.h ****   */
 429:Drivers/STM32G4xx_HAL_Driver/Inc/stm32g4xx_ll_pwr.h **** __STATIC_INLINE uint32_t LL_PWR_GetPowerMode(void)
 430:Drivers/STM32G4xx_HAL_Driver/Inc/stm32g4xx_ll_pwr.h **** {
 431:Drivers/STM32G4xx_HAL_Driver/Inc/stm32g4xx_ll_pwr.h ****   return (uint32_t)(READ_BIT(PWR->CR1, PWR_CR1_LPMS));
 432:Drivers/STM32G4xx_HAL_Driver/Inc/stm32g4xx_ll_pwr.h **** }
 433:Drivers/STM32G4xx_HAL_Driver/Inc/stm32g4xx_ll_pwr.h **** 
 434:Drivers/STM32G4xx_HAL_Driver/Inc/stm32g4xx_ll_pwr.h **** #if defined(PWR_CR3_UCPD_STDBY)
 435:Drivers/STM32G4xx_HAL_Driver/Inc/stm32g4xx_ll_pwr.h **** /**
 436:Drivers/STM32G4xx_HAL_Driver/Inc/stm32g4xx_ll_pwr.h ****   * @brief  Enable (write 1) the USB Type-C and Power Delivery standby mode.
 437:Drivers/STM32G4xx_HAL_Driver/Inc/stm32g4xx_ll_pwr.h ****   * @note Enable just before entering standby when using UCPD1.
 438:Drivers/STM32G4xx_HAL_Driver/Inc/stm32g4xx_ll_pwr.h ****   * @rmtoll CR3          UCPD1_STDBY           LL_PWR_EnableUSBStandByModePD
 439:Drivers/STM32G4xx_HAL_Driver/Inc/stm32g4xx_ll_pwr.h ****   * @retval None
 440:Drivers/STM32G4xx_HAL_Driver/Inc/stm32g4xx_ll_pwr.h ****   */
 441:Drivers/STM32G4xx_HAL_Driver/Inc/stm32g4xx_ll_pwr.h **** __STATIC_INLINE void LL_PWR_EnableUSBStandByModePD(void)
 442:Drivers/STM32G4xx_HAL_Driver/Inc/stm32g4xx_ll_pwr.h **** {
 443:Drivers/STM32G4xx_HAL_Driver/Inc/stm32g4xx_ll_pwr.h ****   SET_BIT(PWR->CR3, PWR_CR3_UCPD_STDBY);
 444:Drivers/STM32G4xx_HAL_Driver/Inc/stm32g4xx_ll_pwr.h **** }
 445:Drivers/STM32G4xx_HAL_Driver/Inc/stm32g4xx_ll_pwr.h **** 
 446:Drivers/STM32G4xx_HAL_Driver/Inc/stm32g4xx_ll_pwr.h **** /**
 447:Drivers/STM32G4xx_HAL_Driver/Inc/stm32g4xx_ll_pwr.h ****   * @brief  Disable (write 0) USB Type-C and Power Delivery standby mode.
 448:Drivers/STM32G4xx_HAL_Driver/Inc/stm32g4xx_ll_pwr.h ****   * @note Disable immediately after standby exit when using UCPD1,
 449:Drivers/STM32G4xx_HAL_Driver/Inc/stm32g4xx_ll_pwr.h ****   *      (and before writing any UCPD1 registers).
 450:Drivers/STM32G4xx_HAL_Driver/Inc/stm32g4xx_ll_pwr.h ****   * @rmtoll CR3          UCPD1_STDBY           LL_PWR_DisableUSBStandByModePD
 451:Drivers/STM32G4xx_HAL_Driver/Inc/stm32g4xx_ll_pwr.h ****   * @retval None
 452:Drivers/STM32G4xx_HAL_Driver/Inc/stm32g4xx_ll_pwr.h ****   */
 453:Drivers/STM32G4xx_HAL_Driver/Inc/stm32g4xx_ll_pwr.h **** __STATIC_INLINE void LL_PWR_DisableUSBStandByModePD(void)
 454:Drivers/STM32G4xx_HAL_Driver/Inc/stm32g4xx_ll_pwr.h **** {
 455:Drivers/STM32G4xx_HAL_Driver/Inc/stm32g4xx_ll_pwr.h ****   CLEAR_BIT(PWR->CR3, PWR_CR3_UCPD_STDBY);
 456:Drivers/STM32G4xx_HAL_Driver/Inc/stm32g4xx_ll_pwr.h **** }
 457:Drivers/STM32G4xx_HAL_Driver/Inc/stm32g4xx_ll_pwr.h **** 
 458:Drivers/STM32G4xx_HAL_Driver/Inc/stm32g4xx_ll_pwr.h **** /**
 459:Drivers/STM32G4xx_HAL_Driver/Inc/stm32g4xx_ll_pwr.h ****   * @brief  Check the USB Type-C and Power Delivery standby mode.
 460:Drivers/STM32G4xx_HAL_Driver/Inc/stm32g4xx_ll_pwr.h ****   * @rmtoll CR3          UCPD1_STDBY           LL_PWR_IsEnabledUSBStandByModePD
 461:Drivers/STM32G4xx_HAL_Driver/Inc/stm32g4xx_ll_pwr.h ****   * @retval State of bit (1 or 0).
 462:Drivers/STM32G4xx_HAL_Driver/Inc/stm32g4xx_ll_pwr.h ****   */
 463:Drivers/STM32G4xx_HAL_Driver/Inc/stm32g4xx_ll_pwr.h **** __STATIC_INLINE uint32_t LL_PWR_IsEnabledUSBStandByModePD(void)
 464:Drivers/STM32G4xx_HAL_Driver/Inc/stm32g4xx_ll_pwr.h **** {
 465:Drivers/STM32G4xx_HAL_Driver/Inc/stm32g4xx_ll_pwr.h **** 
 466:Drivers/STM32G4xx_HAL_Driver/Inc/stm32g4xx_ll_pwr.h ****   return ((READ_BIT(PWR->CR3, PWR_CR3_UCPD_STDBY) == (PWR_CR3_UCPD_STDBY))?1UL:0UL);
 467:Drivers/STM32G4xx_HAL_Driver/Inc/stm32g4xx_ll_pwr.h **** 
 468:Drivers/STM32G4xx_HAL_Driver/Inc/stm32g4xx_ll_pwr.h **** }
 469:Drivers/STM32G4xx_HAL_Driver/Inc/stm32g4xx_ll_pwr.h **** #endif /* PWR_CR3_UCPD_STDBY */
 470:Drivers/STM32G4xx_HAL_Driver/Inc/stm32g4xx_ll_pwr.h **** 
 471:Drivers/STM32G4xx_HAL_Driver/Inc/stm32g4xx_ll_pwr.h **** #if defined(PWR_CR3_UCPD_DBDIS)
 472:Drivers/STM32G4xx_HAL_Driver/Inc/stm32g4xx_ll_pwr.h **** /**
 473:Drivers/STM32G4xx_HAL_Driver/Inc/stm32g4xx_ll_pwr.h ****   * @brief  Enable (write 0) USB Type-C dead battery pull-down behavior
 474:Drivers/STM32G4xx_HAL_Driver/Inc/stm32g4xx_ll_pwr.h ****   * on UCPD1_CC1 and UCPD1_CC2 pins.
 475:Drivers/STM32G4xx_HAL_Driver/Inc/stm32g4xx_ll_pwr.h ****   * @note After exiting reset, the USB Type-C dead battery behavior will be enabled,
 476:Drivers/STM32G4xx_HAL_Driver/Inc/stm32g4xx_ll_pwr.h ****   * which may have a pull-down effect on CC1 and CC2 pins. It is recommended to disable it
 477:Drivers/STM32G4xx_HAL_Driver/Inc/stm32g4xx_ll_pwr.h ****   * in all cases, either to stop this pull-down or to hand over control to the UCPD1
 478:Drivers/STM32G4xx_HAL_Driver/Inc/stm32g4xx_ll_pwr.h ****   * (which should therefore be initialized before doing the disable).
 479:Drivers/STM32G4xx_HAL_Driver/Inc/stm32g4xx_ll_pwr.h ****   * @rmtoll CR3          PWR_CR3_UCPD_DBDIS           LL_PWR_EnableUSBDeadBattery
 480:Drivers/STM32G4xx_HAL_Driver/Inc/stm32g4xx_ll_pwr.h ****   * @retval None
 481:Drivers/STM32G4xx_HAL_Driver/Inc/stm32g4xx_ll_pwr.h ****   */
 482:Drivers/STM32G4xx_HAL_Driver/Inc/stm32g4xx_ll_pwr.h **** __STATIC_INLINE void LL_PWR_EnableUSBDeadBattery(void)
ARM GAS  /tmp/ccAyJ4sl.s 			page 12


 483:Drivers/STM32G4xx_HAL_Driver/Inc/stm32g4xx_ll_pwr.h **** {
 484:Drivers/STM32G4xx_HAL_Driver/Inc/stm32g4xx_ll_pwr.h ****   CLEAR_BIT(PWR->CR3, PWR_CR3_UCPD_DBDIS);
 485:Drivers/STM32G4xx_HAL_Driver/Inc/stm32g4xx_ll_pwr.h **** }
 486:Drivers/STM32G4xx_HAL_Driver/Inc/stm32g4xx_ll_pwr.h **** 
 487:Drivers/STM32G4xx_HAL_Driver/Inc/stm32g4xx_ll_pwr.h **** /**
 488:Drivers/STM32G4xx_HAL_Driver/Inc/stm32g4xx_ll_pwr.h ****   * @brief  Disable (write 1) USB Type-C dead battery pull-down behavior
 489:Drivers/STM32G4xx_HAL_Driver/Inc/stm32g4xx_ll_pwr.h ****   *  on UCPD1_CC1 and UCPD1_CC2 pins.
 490:Drivers/STM32G4xx_HAL_Driver/Inc/stm32g4xx_ll_pwr.h ****   * @note After exiting reset, the USB Type-C dead battery behavior will be enabled,
 491:Drivers/STM32G4xx_HAL_Driver/Inc/stm32g4xx_ll_pwr.h ****   * which may have a pull-down effect on CC1 and CC2 pins. It is recommended to disable it
 492:Drivers/STM32G4xx_HAL_Driver/Inc/stm32g4xx_ll_pwr.h ****   * in all cases, either to stop this pull-down or to hand over control to the UCPD1
 493:Drivers/STM32G4xx_HAL_Driver/Inc/stm32g4xx_ll_pwr.h ****   * (which should therefore be initialized before doing the disable).
 494:Drivers/STM32G4xx_HAL_Driver/Inc/stm32g4xx_ll_pwr.h ****   * @rmtoll CR3          PWR_CR3_UCPD_DBDIS           LL_PWR_DisableUSBDeadBattery
 495:Drivers/STM32G4xx_HAL_Driver/Inc/stm32g4xx_ll_pwr.h ****   * @retval None
 496:Drivers/STM32G4xx_HAL_Driver/Inc/stm32g4xx_ll_pwr.h ****   */
 497:Drivers/STM32G4xx_HAL_Driver/Inc/stm32g4xx_ll_pwr.h **** __STATIC_INLINE void LL_PWR_DisableUSBDeadBattery(void)
 498:Drivers/STM32G4xx_HAL_Driver/Inc/stm32g4xx_ll_pwr.h **** {
 499:Drivers/STM32G4xx_HAL_Driver/Inc/stm32g4xx_ll_pwr.h ****   SET_BIT(PWR->CR3, PWR_CR3_UCPD_DBDIS);
 500:Drivers/STM32G4xx_HAL_Driver/Inc/stm32g4xx_ll_pwr.h **** }
 501:Drivers/STM32G4xx_HAL_Driver/Inc/stm32g4xx_ll_pwr.h **** 
 502:Drivers/STM32G4xx_HAL_Driver/Inc/stm32g4xx_ll_pwr.h **** /**
 503:Drivers/STM32G4xx_HAL_Driver/Inc/stm32g4xx_ll_pwr.h ****   * @brief  Check USB Type-C dead battery pull-down behavior
 504:Drivers/STM32G4xx_HAL_Driver/Inc/stm32g4xx_ll_pwr.h ****   *         on UCPD1_CC1 and UCPD1_CC2 pins.
 505:Drivers/STM32G4xx_HAL_Driver/Inc/stm32g4xx_ll_pwr.h ****   * @note After exiting reset, the USB Type-C dead battery behavior will be enabled,
 506:Drivers/STM32G4xx_HAL_Driver/Inc/stm32g4xx_ll_pwr.h ****   * which may have a pull-down effect on CC1 and CC2 pins. It is recommended to disable it
 507:Drivers/STM32G4xx_HAL_Driver/Inc/stm32g4xx_ll_pwr.h ****   * in all cases, either to stop this pull-down or to hand over control to the UCPD1
 508:Drivers/STM32G4xx_HAL_Driver/Inc/stm32g4xx_ll_pwr.h ****   * (which should therefore be initialized before doing the disable).
 509:Drivers/STM32G4xx_HAL_Driver/Inc/stm32g4xx_ll_pwr.h ****   * @rmtoll CR3          PWR_CR3_UCPD_DBDIS           LL_PWR_IsEnabledUSBDeadBattery
 510:Drivers/STM32G4xx_HAL_Driver/Inc/stm32g4xx_ll_pwr.h ****   * @retval State of bit.
 511:Drivers/STM32G4xx_HAL_Driver/Inc/stm32g4xx_ll_pwr.h ****   */
 512:Drivers/STM32G4xx_HAL_Driver/Inc/stm32g4xx_ll_pwr.h **** __STATIC_INLINE uint32_t LL_PWR_IsEnabledUSBDeadBattery(void)
 513:Drivers/STM32G4xx_HAL_Driver/Inc/stm32g4xx_ll_pwr.h **** {
 514:Drivers/STM32G4xx_HAL_Driver/Inc/stm32g4xx_ll_pwr.h **** 
 515:Drivers/STM32G4xx_HAL_Driver/Inc/stm32g4xx_ll_pwr.h ****   return ((READ_BIT(PWR->CR3, PWR_CR3_UCPD_DBDIS) == (PWR_CR3_UCPD_DBDIS))?1UL:0UL);
 516:Drivers/STM32G4xx_HAL_Driver/Inc/stm32g4xx_ll_pwr.h **** 
 517:Drivers/STM32G4xx_HAL_Driver/Inc/stm32g4xx_ll_pwr.h **** }
 518:Drivers/STM32G4xx_HAL_Driver/Inc/stm32g4xx_ll_pwr.h **** #endif /* PWR_CR3_UCPD_DBDIS */
 519:Drivers/STM32G4xx_HAL_Driver/Inc/stm32g4xx_ll_pwr.h **** 
 520:Drivers/STM32G4xx_HAL_Driver/Inc/stm32g4xx_ll_pwr.h **** #if defined(PWR_CR2_USV)
 521:Drivers/STM32G4xx_HAL_Driver/Inc/stm32g4xx_ll_pwr.h **** /**
 522:Drivers/STM32G4xx_HAL_Driver/Inc/stm32g4xx_ll_pwr.h ****   * @brief  Enable VDDUSB supply
 523:Drivers/STM32G4xx_HAL_Driver/Inc/stm32g4xx_ll_pwr.h ****   * @rmtoll CR2          USV           LL_PWR_EnableVddUSB
 524:Drivers/STM32G4xx_HAL_Driver/Inc/stm32g4xx_ll_pwr.h ****   * @retval None
 525:Drivers/STM32G4xx_HAL_Driver/Inc/stm32g4xx_ll_pwr.h ****   */
 526:Drivers/STM32G4xx_HAL_Driver/Inc/stm32g4xx_ll_pwr.h **** __STATIC_INLINE void LL_PWR_EnableVddUSB(void)
 527:Drivers/STM32G4xx_HAL_Driver/Inc/stm32g4xx_ll_pwr.h **** {
 528:Drivers/STM32G4xx_HAL_Driver/Inc/stm32g4xx_ll_pwr.h ****   SET_BIT(PWR->CR2, PWR_CR2_USV);
 529:Drivers/STM32G4xx_HAL_Driver/Inc/stm32g4xx_ll_pwr.h **** }
 530:Drivers/STM32G4xx_HAL_Driver/Inc/stm32g4xx_ll_pwr.h **** 
 531:Drivers/STM32G4xx_HAL_Driver/Inc/stm32g4xx_ll_pwr.h **** /**
 532:Drivers/STM32G4xx_HAL_Driver/Inc/stm32g4xx_ll_pwr.h ****   * @brief  Disable VDDUSB supply
 533:Drivers/STM32G4xx_HAL_Driver/Inc/stm32g4xx_ll_pwr.h ****   * @rmtoll CR2          USV           LL_PWR_DisableVddUSB
 534:Drivers/STM32G4xx_HAL_Driver/Inc/stm32g4xx_ll_pwr.h ****   * @retval None
 535:Drivers/STM32G4xx_HAL_Driver/Inc/stm32g4xx_ll_pwr.h ****   */
 536:Drivers/STM32G4xx_HAL_Driver/Inc/stm32g4xx_ll_pwr.h **** __STATIC_INLINE void LL_PWR_DisableVddUSB(void)
 537:Drivers/STM32G4xx_HAL_Driver/Inc/stm32g4xx_ll_pwr.h **** {
 538:Drivers/STM32G4xx_HAL_Driver/Inc/stm32g4xx_ll_pwr.h ****   CLEAR_BIT(PWR->CR2, PWR_CR2_USV);
 539:Drivers/STM32G4xx_HAL_Driver/Inc/stm32g4xx_ll_pwr.h **** }
ARM GAS  /tmp/ccAyJ4sl.s 			page 13


 540:Drivers/STM32G4xx_HAL_Driver/Inc/stm32g4xx_ll_pwr.h **** 
 541:Drivers/STM32G4xx_HAL_Driver/Inc/stm32g4xx_ll_pwr.h **** /**
 542:Drivers/STM32G4xx_HAL_Driver/Inc/stm32g4xx_ll_pwr.h ****   * @brief  Check if VDDUSB supply is enabled
 543:Drivers/STM32G4xx_HAL_Driver/Inc/stm32g4xx_ll_pwr.h ****   * @rmtoll CR2          USV           LL_PWR_IsEnabledVddUSB
 544:Drivers/STM32G4xx_HAL_Driver/Inc/stm32g4xx_ll_pwr.h ****   * @retval State of bit (1 or 0).
 545:Drivers/STM32G4xx_HAL_Driver/Inc/stm32g4xx_ll_pwr.h ****   */
 546:Drivers/STM32G4xx_HAL_Driver/Inc/stm32g4xx_ll_pwr.h **** __STATIC_INLINE uint32_t LL_PWR_IsEnabledVddUSB(void)
 547:Drivers/STM32G4xx_HAL_Driver/Inc/stm32g4xx_ll_pwr.h **** {
 548:Drivers/STM32G4xx_HAL_Driver/Inc/stm32g4xx_ll_pwr.h ****   uint32_t temp;
 549:Drivers/STM32G4xx_HAL_Driver/Inc/stm32g4xx_ll_pwr.h ****   temp = READ_BIT(PWR->CR2, PWR_CR2_USV);
 550:Drivers/STM32G4xx_HAL_Driver/Inc/stm32g4xx_ll_pwr.h **** 
 551:Drivers/STM32G4xx_HAL_Driver/Inc/stm32g4xx_ll_pwr.h ****   return ((temp == (PWR_CR2_USV))?1U:0U);
 552:Drivers/STM32G4xx_HAL_Driver/Inc/stm32g4xx_ll_pwr.h **** 
 553:Drivers/STM32G4xx_HAL_Driver/Inc/stm32g4xx_ll_pwr.h **** }
 554:Drivers/STM32G4xx_HAL_Driver/Inc/stm32g4xx_ll_pwr.h **** #endif
 555:Drivers/STM32G4xx_HAL_Driver/Inc/stm32g4xx_ll_pwr.h **** 
 556:Drivers/STM32G4xx_HAL_Driver/Inc/stm32g4xx_ll_pwr.h **** #if defined(PWR_CR2_IOSV)
 557:Drivers/STM32G4xx_HAL_Driver/Inc/stm32g4xx_ll_pwr.h **** /**
 558:Drivers/STM32G4xx_HAL_Driver/Inc/stm32g4xx_ll_pwr.h ****   * @brief  Enable VDDIO2 supply
 559:Drivers/STM32G4xx_HAL_Driver/Inc/stm32g4xx_ll_pwr.h ****   * @rmtoll CR2          IOSV          LL_PWR_EnableVddIO2
 560:Drivers/STM32G4xx_HAL_Driver/Inc/stm32g4xx_ll_pwr.h ****   * @retval None
 561:Drivers/STM32G4xx_HAL_Driver/Inc/stm32g4xx_ll_pwr.h ****   */
 562:Drivers/STM32G4xx_HAL_Driver/Inc/stm32g4xx_ll_pwr.h **** __STATIC_INLINE void LL_PWR_EnableVddIO2(void)
 563:Drivers/STM32G4xx_HAL_Driver/Inc/stm32g4xx_ll_pwr.h **** {
 564:Drivers/STM32G4xx_HAL_Driver/Inc/stm32g4xx_ll_pwr.h ****   SET_BIT(PWR->CR2, PWR_CR2_IOSV);
 565:Drivers/STM32G4xx_HAL_Driver/Inc/stm32g4xx_ll_pwr.h **** }
 566:Drivers/STM32G4xx_HAL_Driver/Inc/stm32g4xx_ll_pwr.h **** 
 567:Drivers/STM32G4xx_HAL_Driver/Inc/stm32g4xx_ll_pwr.h **** /**
 568:Drivers/STM32G4xx_HAL_Driver/Inc/stm32g4xx_ll_pwr.h ****   * @brief  Disable VDDIO2 supply
 569:Drivers/STM32G4xx_HAL_Driver/Inc/stm32g4xx_ll_pwr.h ****   * @rmtoll CR2          IOSV          LL_PWR_DisableVddIO2
 570:Drivers/STM32G4xx_HAL_Driver/Inc/stm32g4xx_ll_pwr.h ****   * @retval None
 571:Drivers/STM32G4xx_HAL_Driver/Inc/stm32g4xx_ll_pwr.h ****   */
 572:Drivers/STM32G4xx_HAL_Driver/Inc/stm32g4xx_ll_pwr.h **** __STATIC_INLINE void LL_PWR_DisableVddIO2(void)
 573:Drivers/STM32G4xx_HAL_Driver/Inc/stm32g4xx_ll_pwr.h **** {
 574:Drivers/STM32G4xx_HAL_Driver/Inc/stm32g4xx_ll_pwr.h ****   CLEAR_BIT(PWR->CR2, PWR_CR2_IOSV);
 575:Drivers/STM32G4xx_HAL_Driver/Inc/stm32g4xx_ll_pwr.h **** }
 576:Drivers/STM32G4xx_HAL_Driver/Inc/stm32g4xx_ll_pwr.h **** 
 577:Drivers/STM32G4xx_HAL_Driver/Inc/stm32g4xx_ll_pwr.h **** /**
 578:Drivers/STM32G4xx_HAL_Driver/Inc/stm32g4xx_ll_pwr.h ****   * @brief  Check if VDDIO2 supply is enabled
 579:Drivers/STM32G4xx_HAL_Driver/Inc/stm32g4xx_ll_pwr.h ****   * @rmtoll CR2          IOSV          LL_PWR_IsEnabledVddIO2
 580:Drivers/STM32G4xx_HAL_Driver/Inc/stm32g4xx_ll_pwr.h ****   * @retval State of bit (1 or 0).
 581:Drivers/STM32G4xx_HAL_Driver/Inc/stm32g4xx_ll_pwr.h ****   */
 582:Drivers/STM32G4xx_HAL_Driver/Inc/stm32g4xx_ll_pwr.h **** __STATIC_INLINE uint32_t LL_PWR_IsEnabledVddIO2(void)
 583:Drivers/STM32G4xx_HAL_Driver/Inc/stm32g4xx_ll_pwr.h **** {
 584:Drivers/STM32G4xx_HAL_Driver/Inc/stm32g4xx_ll_pwr.h ****   uint32_t temp;
 585:Drivers/STM32G4xx_HAL_Driver/Inc/stm32g4xx_ll_pwr.h ****   temp = READ_BIT(PWR->CR2, PWR_CR2_IOSV);
 586:Drivers/STM32G4xx_HAL_Driver/Inc/stm32g4xx_ll_pwr.h **** 
 587:Drivers/STM32G4xx_HAL_Driver/Inc/stm32g4xx_ll_pwr.h ****   return ((temp == (PWR_CR2_IOSV))?1U:0U);
 588:Drivers/STM32G4xx_HAL_Driver/Inc/stm32g4xx_ll_pwr.h **** 
 589:Drivers/STM32G4xx_HAL_Driver/Inc/stm32g4xx_ll_pwr.h **** }
 590:Drivers/STM32G4xx_HAL_Driver/Inc/stm32g4xx_ll_pwr.h **** #endif
 591:Drivers/STM32G4xx_HAL_Driver/Inc/stm32g4xx_ll_pwr.h **** 
 592:Drivers/STM32G4xx_HAL_Driver/Inc/stm32g4xx_ll_pwr.h **** /**
 593:Drivers/STM32G4xx_HAL_Driver/Inc/stm32g4xx_ll_pwr.h ****   * @brief  Enable the Power Voltage Monitoring on a peripheral
 594:Drivers/STM32G4xx_HAL_Driver/Inc/stm32g4xx_ll_pwr.h ****   * @rmtoll CR2          PVME1         LL_PWR_EnablePVM\n
 595:Drivers/STM32G4xx_HAL_Driver/Inc/stm32g4xx_ll_pwr.h ****   *         CR2          PVME2         LL_PWR_EnablePVM\n
 596:Drivers/STM32G4xx_HAL_Driver/Inc/stm32g4xx_ll_pwr.h ****   *         CR2          PVME3         LL_PWR_EnablePVM\n
ARM GAS  /tmp/ccAyJ4sl.s 			page 14


 597:Drivers/STM32G4xx_HAL_Driver/Inc/stm32g4xx_ll_pwr.h ****   *         CR2          PVME4         LL_PWR_EnablePVM
 598:Drivers/STM32G4xx_HAL_Driver/Inc/stm32g4xx_ll_pwr.h ****   * @param  PeriphVoltage This parameter can be one of the following values:
 599:Drivers/STM32G4xx_HAL_Driver/Inc/stm32g4xx_ll_pwr.h ****   *         @arg @ref LL_PWR_PVM_VDDA_COMP     (*)
 600:Drivers/STM32G4xx_HAL_Driver/Inc/stm32g4xx_ll_pwr.h ****   *         @arg @ref LL_PWR_PVM_VDDA_FASTDAC  (*)
 601:Drivers/STM32G4xx_HAL_Driver/Inc/stm32g4xx_ll_pwr.h ****   *         @arg @ref LL_PWR_PVM_VDDA_ADC      
 602:Drivers/STM32G4xx_HAL_Driver/Inc/stm32g4xx_ll_pwr.h ****   *         @arg @ref LL_PWR_PVM_VDDA_OPAMP_DAC
 603:Drivers/STM32G4xx_HAL_Driver/Inc/stm32g4xx_ll_pwr.h ****   *
 604:Drivers/STM32G4xx_HAL_Driver/Inc/stm32g4xx_ll_pwr.h ****   *         (*) value not defined in all devices
 605:Drivers/STM32G4xx_HAL_Driver/Inc/stm32g4xx_ll_pwr.h ****   * @retval None
 606:Drivers/STM32G4xx_HAL_Driver/Inc/stm32g4xx_ll_pwr.h ****   */
 607:Drivers/STM32G4xx_HAL_Driver/Inc/stm32g4xx_ll_pwr.h **** __STATIC_INLINE void LL_PWR_EnablePVM(uint32_t PeriphVoltage)
 608:Drivers/STM32G4xx_HAL_Driver/Inc/stm32g4xx_ll_pwr.h **** {
 609:Drivers/STM32G4xx_HAL_Driver/Inc/stm32g4xx_ll_pwr.h ****   SET_BIT(PWR->CR2, PeriphVoltage);
 610:Drivers/STM32G4xx_HAL_Driver/Inc/stm32g4xx_ll_pwr.h **** }
 611:Drivers/STM32G4xx_HAL_Driver/Inc/stm32g4xx_ll_pwr.h **** 
 612:Drivers/STM32G4xx_HAL_Driver/Inc/stm32g4xx_ll_pwr.h **** /**
 613:Drivers/STM32G4xx_HAL_Driver/Inc/stm32g4xx_ll_pwr.h ****   * @brief  Disable the Power Voltage Monitoring on a peripheral
 614:Drivers/STM32G4xx_HAL_Driver/Inc/stm32g4xx_ll_pwr.h ****   * @rmtoll CR2          PVME1         LL_PWR_DisablePVM\n
 615:Drivers/STM32G4xx_HAL_Driver/Inc/stm32g4xx_ll_pwr.h ****   *         CR2          PVME2         LL_PWR_DisablePVM\n
 616:Drivers/STM32G4xx_HAL_Driver/Inc/stm32g4xx_ll_pwr.h ****   *         CR2          PVME3         LL_PWR_DisablePVM\n
 617:Drivers/STM32G4xx_HAL_Driver/Inc/stm32g4xx_ll_pwr.h ****   *         CR2          PVME4         LL_PWR_DisablePVM
 618:Drivers/STM32G4xx_HAL_Driver/Inc/stm32g4xx_ll_pwr.h ****   * @param  PeriphVoltage This parameter can be one of the following values:
 619:Drivers/STM32G4xx_HAL_Driver/Inc/stm32g4xx_ll_pwr.h ****   *         @arg @ref LL_PWR_PVM_VDDA_COMP     (*)
 620:Drivers/STM32G4xx_HAL_Driver/Inc/stm32g4xx_ll_pwr.h ****   *         @arg @ref LL_PWR_PVM_VDDA_FASTDAC  (*)
 621:Drivers/STM32G4xx_HAL_Driver/Inc/stm32g4xx_ll_pwr.h ****   *         @arg @ref LL_PWR_PVM_VDDA_ADC      
 622:Drivers/STM32G4xx_HAL_Driver/Inc/stm32g4xx_ll_pwr.h ****   *         @arg @ref LL_PWR_PVM_VDDA_OPAMP_DAC
 623:Drivers/STM32G4xx_HAL_Driver/Inc/stm32g4xx_ll_pwr.h ****   *
 624:Drivers/STM32G4xx_HAL_Driver/Inc/stm32g4xx_ll_pwr.h ****   *         (*) value not defined in all devices
 625:Drivers/STM32G4xx_HAL_Driver/Inc/stm32g4xx_ll_pwr.h ****   * @retval None
 626:Drivers/STM32G4xx_HAL_Driver/Inc/stm32g4xx_ll_pwr.h ****   */
 627:Drivers/STM32G4xx_HAL_Driver/Inc/stm32g4xx_ll_pwr.h **** __STATIC_INLINE void LL_PWR_DisablePVM(uint32_t PeriphVoltage)
 628:Drivers/STM32G4xx_HAL_Driver/Inc/stm32g4xx_ll_pwr.h **** {
 629:Drivers/STM32G4xx_HAL_Driver/Inc/stm32g4xx_ll_pwr.h ****   CLEAR_BIT(PWR->CR2, PeriphVoltage);
 630:Drivers/STM32G4xx_HAL_Driver/Inc/stm32g4xx_ll_pwr.h **** }
 631:Drivers/STM32G4xx_HAL_Driver/Inc/stm32g4xx_ll_pwr.h **** 
 632:Drivers/STM32G4xx_HAL_Driver/Inc/stm32g4xx_ll_pwr.h **** /**
 633:Drivers/STM32G4xx_HAL_Driver/Inc/stm32g4xx_ll_pwr.h ****   * @brief  Check if Power Voltage Monitoring is enabled on a peripheral
 634:Drivers/STM32G4xx_HAL_Driver/Inc/stm32g4xx_ll_pwr.h ****   * @rmtoll CR2          PVME1         LL_PWR_IsEnabledPVM\n
 635:Drivers/STM32G4xx_HAL_Driver/Inc/stm32g4xx_ll_pwr.h ****   *         CR2          PVME2         LL_PWR_IsEnabledPVM\n
 636:Drivers/STM32G4xx_HAL_Driver/Inc/stm32g4xx_ll_pwr.h ****   *         CR2          PVME3         LL_PWR_IsEnabledPVM\n
 637:Drivers/STM32G4xx_HAL_Driver/Inc/stm32g4xx_ll_pwr.h ****   *         CR2          PVME4         LL_PWR_IsEnabledPVM
 638:Drivers/STM32G4xx_HAL_Driver/Inc/stm32g4xx_ll_pwr.h ****   * @param  PeriphVoltage This parameter can be one of the following values:
 639:Drivers/STM32G4xx_HAL_Driver/Inc/stm32g4xx_ll_pwr.h ****   *         @arg @ref LL_PWR_PVM_VDDA_COMP     (*)
 640:Drivers/STM32G4xx_HAL_Driver/Inc/stm32g4xx_ll_pwr.h ****   *         @arg @ref LL_PWR_PVM_VDDA_FASTDAC  (*)
 641:Drivers/STM32G4xx_HAL_Driver/Inc/stm32g4xx_ll_pwr.h ****   *         @arg @ref LL_PWR_PVM_VDDA_ADC      
 642:Drivers/STM32G4xx_HAL_Driver/Inc/stm32g4xx_ll_pwr.h ****   *         @arg @ref LL_PWR_PVM_VDDA_OPAMP_DAC
 643:Drivers/STM32G4xx_HAL_Driver/Inc/stm32g4xx_ll_pwr.h ****   *
 644:Drivers/STM32G4xx_HAL_Driver/Inc/stm32g4xx_ll_pwr.h ****   *         (*) value not defined in all devices
 645:Drivers/STM32G4xx_HAL_Driver/Inc/stm32g4xx_ll_pwr.h ****   * @retval State of bit (1 or 0).
 646:Drivers/STM32G4xx_HAL_Driver/Inc/stm32g4xx_ll_pwr.h ****   */
 647:Drivers/STM32G4xx_HAL_Driver/Inc/stm32g4xx_ll_pwr.h **** __STATIC_INLINE uint32_t LL_PWR_IsEnabledPVM(uint32_t PeriphVoltage)
 648:Drivers/STM32G4xx_HAL_Driver/Inc/stm32g4xx_ll_pwr.h **** {
 649:Drivers/STM32G4xx_HAL_Driver/Inc/stm32g4xx_ll_pwr.h ****   uint32_t temp;
 650:Drivers/STM32G4xx_HAL_Driver/Inc/stm32g4xx_ll_pwr.h ****   temp = READ_BIT(PWR->CR2, PeriphVoltage);
 651:Drivers/STM32G4xx_HAL_Driver/Inc/stm32g4xx_ll_pwr.h **** 
 652:Drivers/STM32G4xx_HAL_Driver/Inc/stm32g4xx_ll_pwr.h ****   return ((temp == (PeriphVoltage))?1U:0U);
 653:Drivers/STM32G4xx_HAL_Driver/Inc/stm32g4xx_ll_pwr.h **** 
ARM GAS  /tmp/ccAyJ4sl.s 			page 15


 654:Drivers/STM32G4xx_HAL_Driver/Inc/stm32g4xx_ll_pwr.h **** }
 655:Drivers/STM32G4xx_HAL_Driver/Inc/stm32g4xx_ll_pwr.h **** 
 656:Drivers/STM32G4xx_HAL_Driver/Inc/stm32g4xx_ll_pwr.h **** /**
 657:Drivers/STM32G4xx_HAL_Driver/Inc/stm32g4xx_ll_pwr.h ****   * @brief  Configure the voltage threshold detected by the Power Voltage Detector
 658:Drivers/STM32G4xx_HAL_Driver/Inc/stm32g4xx_ll_pwr.h ****   * @rmtoll CR2          PLS           LL_PWR_SetPVDLevel
 659:Drivers/STM32G4xx_HAL_Driver/Inc/stm32g4xx_ll_pwr.h ****   * @param  PVDLevel This parameter can be one of the following values:
 660:Drivers/STM32G4xx_HAL_Driver/Inc/stm32g4xx_ll_pwr.h ****   *         @arg @ref LL_PWR_PVDLEVEL_0
 661:Drivers/STM32G4xx_HAL_Driver/Inc/stm32g4xx_ll_pwr.h ****   *         @arg @ref LL_PWR_PVDLEVEL_1
 662:Drivers/STM32G4xx_HAL_Driver/Inc/stm32g4xx_ll_pwr.h ****   *         @arg @ref LL_PWR_PVDLEVEL_2
 663:Drivers/STM32G4xx_HAL_Driver/Inc/stm32g4xx_ll_pwr.h ****   *         @arg @ref LL_PWR_PVDLEVEL_3
 664:Drivers/STM32G4xx_HAL_Driver/Inc/stm32g4xx_ll_pwr.h ****   *         @arg @ref LL_PWR_PVDLEVEL_4
 665:Drivers/STM32G4xx_HAL_Driver/Inc/stm32g4xx_ll_pwr.h ****   *         @arg @ref LL_PWR_PVDLEVEL_5
 666:Drivers/STM32G4xx_HAL_Driver/Inc/stm32g4xx_ll_pwr.h ****   *         @arg @ref LL_PWR_PVDLEVEL_6
 667:Drivers/STM32G4xx_HAL_Driver/Inc/stm32g4xx_ll_pwr.h ****   *         @arg @ref LL_PWR_PVDLEVEL_7
 668:Drivers/STM32G4xx_HAL_Driver/Inc/stm32g4xx_ll_pwr.h ****   * @retval None
 669:Drivers/STM32G4xx_HAL_Driver/Inc/stm32g4xx_ll_pwr.h ****   */
 670:Drivers/STM32G4xx_HAL_Driver/Inc/stm32g4xx_ll_pwr.h **** __STATIC_INLINE void LL_PWR_SetPVDLevel(uint32_t PVDLevel)
 671:Drivers/STM32G4xx_HAL_Driver/Inc/stm32g4xx_ll_pwr.h **** {
 672:Drivers/STM32G4xx_HAL_Driver/Inc/stm32g4xx_ll_pwr.h ****   MODIFY_REG(PWR->CR2, PWR_CR2_PLS, PVDLevel);
 673:Drivers/STM32G4xx_HAL_Driver/Inc/stm32g4xx_ll_pwr.h **** }
 674:Drivers/STM32G4xx_HAL_Driver/Inc/stm32g4xx_ll_pwr.h **** 
 675:Drivers/STM32G4xx_HAL_Driver/Inc/stm32g4xx_ll_pwr.h **** /**
 676:Drivers/STM32G4xx_HAL_Driver/Inc/stm32g4xx_ll_pwr.h ****   * @brief  Get the voltage threshold detection
 677:Drivers/STM32G4xx_HAL_Driver/Inc/stm32g4xx_ll_pwr.h ****   * @rmtoll CR2          PLS           LL_PWR_GetPVDLevel
 678:Drivers/STM32G4xx_HAL_Driver/Inc/stm32g4xx_ll_pwr.h ****   * @retval Returned value can be one of the following values:
 679:Drivers/STM32G4xx_HAL_Driver/Inc/stm32g4xx_ll_pwr.h ****   *         @arg @ref LL_PWR_PVDLEVEL_0
 680:Drivers/STM32G4xx_HAL_Driver/Inc/stm32g4xx_ll_pwr.h ****   *         @arg @ref LL_PWR_PVDLEVEL_1
 681:Drivers/STM32G4xx_HAL_Driver/Inc/stm32g4xx_ll_pwr.h ****   *         @arg @ref LL_PWR_PVDLEVEL_2
 682:Drivers/STM32G4xx_HAL_Driver/Inc/stm32g4xx_ll_pwr.h ****   *         @arg @ref LL_PWR_PVDLEVEL_3
 683:Drivers/STM32G4xx_HAL_Driver/Inc/stm32g4xx_ll_pwr.h ****   *         @arg @ref LL_PWR_PVDLEVEL_4
 684:Drivers/STM32G4xx_HAL_Driver/Inc/stm32g4xx_ll_pwr.h ****   *         @arg @ref LL_PWR_PVDLEVEL_5
 685:Drivers/STM32G4xx_HAL_Driver/Inc/stm32g4xx_ll_pwr.h ****   *         @arg @ref LL_PWR_PVDLEVEL_6
 686:Drivers/STM32G4xx_HAL_Driver/Inc/stm32g4xx_ll_pwr.h ****   *         @arg @ref LL_PWR_PVDLEVEL_7
 687:Drivers/STM32G4xx_HAL_Driver/Inc/stm32g4xx_ll_pwr.h ****   */
 688:Drivers/STM32G4xx_HAL_Driver/Inc/stm32g4xx_ll_pwr.h **** __STATIC_INLINE uint32_t LL_PWR_GetPVDLevel(void)
 689:Drivers/STM32G4xx_HAL_Driver/Inc/stm32g4xx_ll_pwr.h **** {
 690:Drivers/STM32G4xx_HAL_Driver/Inc/stm32g4xx_ll_pwr.h ****   return (uint32_t)(READ_BIT(PWR->CR2, PWR_CR2_PLS));
 691:Drivers/STM32G4xx_HAL_Driver/Inc/stm32g4xx_ll_pwr.h **** }
 692:Drivers/STM32G4xx_HAL_Driver/Inc/stm32g4xx_ll_pwr.h **** 
 693:Drivers/STM32G4xx_HAL_Driver/Inc/stm32g4xx_ll_pwr.h **** /**
 694:Drivers/STM32G4xx_HAL_Driver/Inc/stm32g4xx_ll_pwr.h ****   * @brief  Enable Power Voltage Detector
 695:Drivers/STM32G4xx_HAL_Driver/Inc/stm32g4xx_ll_pwr.h ****   * @rmtoll CR2          PVDE          LL_PWR_EnablePVD
 696:Drivers/STM32G4xx_HAL_Driver/Inc/stm32g4xx_ll_pwr.h ****   * @retval None
 697:Drivers/STM32G4xx_HAL_Driver/Inc/stm32g4xx_ll_pwr.h ****   */
 698:Drivers/STM32G4xx_HAL_Driver/Inc/stm32g4xx_ll_pwr.h **** __STATIC_INLINE void LL_PWR_EnablePVD(void)
 699:Drivers/STM32G4xx_HAL_Driver/Inc/stm32g4xx_ll_pwr.h **** {
 700:Drivers/STM32G4xx_HAL_Driver/Inc/stm32g4xx_ll_pwr.h ****   SET_BIT(PWR->CR2, PWR_CR2_PVDE);
 701:Drivers/STM32G4xx_HAL_Driver/Inc/stm32g4xx_ll_pwr.h **** }
 702:Drivers/STM32G4xx_HAL_Driver/Inc/stm32g4xx_ll_pwr.h **** 
 703:Drivers/STM32G4xx_HAL_Driver/Inc/stm32g4xx_ll_pwr.h **** /**
 704:Drivers/STM32G4xx_HAL_Driver/Inc/stm32g4xx_ll_pwr.h ****   * @brief  Disable Power Voltage Detector
 705:Drivers/STM32G4xx_HAL_Driver/Inc/stm32g4xx_ll_pwr.h ****   * @rmtoll CR2          PVDE          LL_PWR_DisablePVD
 706:Drivers/STM32G4xx_HAL_Driver/Inc/stm32g4xx_ll_pwr.h ****   * @retval None
 707:Drivers/STM32G4xx_HAL_Driver/Inc/stm32g4xx_ll_pwr.h ****   */
 708:Drivers/STM32G4xx_HAL_Driver/Inc/stm32g4xx_ll_pwr.h **** __STATIC_INLINE void LL_PWR_DisablePVD(void)
 709:Drivers/STM32G4xx_HAL_Driver/Inc/stm32g4xx_ll_pwr.h **** {
 710:Drivers/STM32G4xx_HAL_Driver/Inc/stm32g4xx_ll_pwr.h ****   CLEAR_BIT(PWR->CR2, PWR_CR2_PVDE);
ARM GAS  /tmp/ccAyJ4sl.s 			page 16


 711:Drivers/STM32G4xx_HAL_Driver/Inc/stm32g4xx_ll_pwr.h **** }
 712:Drivers/STM32G4xx_HAL_Driver/Inc/stm32g4xx_ll_pwr.h **** 
 713:Drivers/STM32G4xx_HAL_Driver/Inc/stm32g4xx_ll_pwr.h **** /**
 714:Drivers/STM32G4xx_HAL_Driver/Inc/stm32g4xx_ll_pwr.h ****   * @brief  Check if Power Voltage Detector is enabled
 715:Drivers/STM32G4xx_HAL_Driver/Inc/stm32g4xx_ll_pwr.h ****   * @rmtoll CR2          PVDE          LL_PWR_IsEnabledPVD
 716:Drivers/STM32G4xx_HAL_Driver/Inc/stm32g4xx_ll_pwr.h ****   * @retval State of bit (1 or 0).
 717:Drivers/STM32G4xx_HAL_Driver/Inc/stm32g4xx_ll_pwr.h ****   */
 718:Drivers/STM32G4xx_HAL_Driver/Inc/stm32g4xx_ll_pwr.h **** __STATIC_INLINE uint32_t LL_PWR_IsEnabledPVD(void)
 719:Drivers/STM32G4xx_HAL_Driver/Inc/stm32g4xx_ll_pwr.h **** {
 720:Drivers/STM32G4xx_HAL_Driver/Inc/stm32g4xx_ll_pwr.h ****   uint32_t temp;
 721:Drivers/STM32G4xx_HAL_Driver/Inc/stm32g4xx_ll_pwr.h ****   temp = READ_BIT(PWR->CR2, PWR_CR2_PVDE);
 722:Drivers/STM32G4xx_HAL_Driver/Inc/stm32g4xx_ll_pwr.h **** 
 723:Drivers/STM32G4xx_HAL_Driver/Inc/stm32g4xx_ll_pwr.h ****   return ((temp == (PWR_CR2_PVDE))?1U:0U);
 724:Drivers/STM32G4xx_HAL_Driver/Inc/stm32g4xx_ll_pwr.h **** }
 725:Drivers/STM32G4xx_HAL_Driver/Inc/stm32g4xx_ll_pwr.h **** 
 726:Drivers/STM32G4xx_HAL_Driver/Inc/stm32g4xx_ll_pwr.h **** /**
 727:Drivers/STM32G4xx_HAL_Driver/Inc/stm32g4xx_ll_pwr.h ****   * @brief  Enable Internal Wake-up line
 728:Drivers/STM32G4xx_HAL_Driver/Inc/stm32g4xx_ll_pwr.h ****   * @rmtoll CR3          EIWF          LL_PWR_EnableInternWU
 729:Drivers/STM32G4xx_HAL_Driver/Inc/stm32g4xx_ll_pwr.h ****   * @retval None
 730:Drivers/STM32G4xx_HAL_Driver/Inc/stm32g4xx_ll_pwr.h ****   */
 731:Drivers/STM32G4xx_HAL_Driver/Inc/stm32g4xx_ll_pwr.h **** __STATIC_INLINE void LL_PWR_EnableInternWU(void)
 732:Drivers/STM32G4xx_HAL_Driver/Inc/stm32g4xx_ll_pwr.h **** {
 733:Drivers/STM32G4xx_HAL_Driver/Inc/stm32g4xx_ll_pwr.h ****   SET_BIT(PWR->CR3, PWR_CR3_EIWF);
 734:Drivers/STM32G4xx_HAL_Driver/Inc/stm32g4xx_ll_pwr.h **** }
 735:Drivers/STM32G4xx_HAL_Driver/Inc/stm32g4xx_ll_pwr.h **** 
 736:Drivers/STM32G4xx_HAL_Driver/Inc/stm32g4xx_ll_pwr.h **** /**
 737:Drivers/STM32G4xx_HAL_Driver/Inc/stm32g4xx_ll_pwr.h ****   * @brief  Disable Internal Wake-up line
 738:Drivers/STM32G4xx_HAL_Driver/Inc/stm32g4xx_ll_pwr.h ****   * @rmtoll CR3          EIWF          LL_PWR_DisableInternWU
 739:Drivers/STM32G4xx_HAL_Driver/Inc/stm32g4xx_ll_pwr.h ****   * @retval None
 740:Drivers/STM32G4xx_HAL_Driver/Inc/stm32g4xx_ll_pwr.h ****   */
 741:Drivers/STM32G4xx_HAL_Driver/Inc/stm32g4xx_ll_pwr.h **** __STATIC_INLINE void LL_PWR_DisableInternWU(void)
 742:Drivers/STM32G4xx_HAL_Driver/Inc/stm32g4xx_ll_pwr.h **** {
 743:Drivers/STM32G4xx_HAL_Driver/Inc/stm32g4xx_ll_pwr.h ****   CLEAR_BIT(PWR->CR3, PWR_CR3_EIWF);
 744:Drivers/STM32G4xx_HAL_Driver/Inc/stm32g4xx_ll_pwr.h **** }
 745:Drivers/STM32G4xx_HAL_Driver/Inc/stm32g4xx_ll_pwr.h **** 
 746:Drivers/STM32G4xx_HAL_Driver/Inc/stm32g4xx_ll_pwr.h **** /**
 747:Drivers/STM32G4xx_HAL_Driver/Inc/stm32g4xx_ll_pwr.h ****   * @brief  Check if Internal Wake-up line is enabled
 748:Drivers/STM32G4xx_HAL_Driver/Inc/stm32g4xx_ll_pwr.h ****   * @rmtoll CR3          EIWF          LL_PWR_IsEnabledInternWU
 749:Drivers/STM32G4xx_HAL_Driver/Inc/stm32g4xx_ll_pwr.h ****   * @retval State of bit (1 or 0).
 750:Drivers/STM32G4xx_HAL_Driver/Inc/stm32g4xx_ll_pwr.h ****   */
 751:Drivers/STM32G4xx_HAL_Driver/Inc/stm32g4xx_ll_pwr.h **** __STATIC_INLINE uint32_t LL_PWR_IsEnabledInternWU(void)
 752:Drivers/STM32G4xx_HAL_Driver/Inc/stm32g4xx_ll_pwr.h **** {
 753:Drivers/STM32G4xx_HAL_Driver/Inc/stm32g4xx_ll_pwr.h ****   return ((READ_BIT(PWR->CR3, PWR_CR3_EIWF) == (PWR_CR3_EIWF))?1UL:0UL);
 754:Drivers/STM32G4xx_HAL_Driver/Inc/stm32g4xx_ll_pwr.h **** }
 755:Drivers/STM32G4xx_HAL_Driver/Inc/stm32g4xx_ll_pwr.h **** 
 756:Drivers/STM32G4xx_HAL_Driver/Inc/stm32g4xx_ll_pwr.h **** #if defined (PWR_CR3_UCPD_DBDIS)
 757:Drivers/STM32G4xx_HAL_Driver/Inc/stm32g4xx_ll_pwr.h **** /**
 758:Drivers/STM32G4xx_HAL_Driver/Inc/stm32g4xx_ll_pwr.h ****   * @brief  Enable USB Type-C and Power Delivery Dead Battery disable
 759:Drivers/STM32G4xx_HAL_Driver/Inc/stm32g4xx_ll_pwr.h ****   * @rmtoll CR3          UCPD_DBDIS          LL_PWR_EnableDeadBatteryPD
 760:Drivers/STM32G4xx_HAL_Driver/Inc/stm32g4xx_ll_pwr.h ****   * @retval None
 761:Drivers/STM32G4xx_HAL_Driver/Inc/stm32g4xx_ll_pwr.h ****   */
 762:Drivers/STM32G4xx_HAL_Driver/Inc/stm32g4xx_ll_pwr.h **** __STATIC_INLINE void LL_PWR_EnableDeadBatteryPD(void)
 763:Drivers/STM32G4xx_HAL_Driver/Inc/stm32g4xx_ll_pwr.h **** {
 764:Drivers/STM32G4xx_HAL_Driver/Inc/stm32g4xx_ll_pwr.h ****   SET_BIT(PWR->CR3, PWR_CR3_UCPD_DBDIS);
 765:Drivers/STM32G4xx_HAL_Driver/Inc/stm32g4xx_ll_pwr.h **** }
 766:Drivers/STM32G4xx_HAL_Driver/Inc/stm32g4xx_ll_pwr.h **** 
 767:Drivers/STM32G4xx_HAL_Driver/Inc/stm32g4xx_ll_pwr.h **** /**
ARM GAS  /tmp/ccAyJ4sl.s 			page 17


 768:Drivers/STM32G4xx_HAL_Driver/Inc/stm32g4xx_ll_pwr.h ****   * @brief  Disable USB Type-C and Power Delivery Dead Battery disable
 769:Drivers/STM32G4xx_HAL_Driver/Inc/stm32g4xx_ll_pwr.h ****   * @rmtoll CR3          UCPD_DBDIS          LL_PWR_DisableDeadBatteryPD
 770:Drivers/STM32G4xx_HAL_Driver/Inc/stm32g4xx_ll_pwr.h ****   * @retval None
 771:Drivers/STM32G4xx_HAL_Driver/Inc/stm32g4xx_ll_pwr.h ****   */
 772:Drivers/STM32G4xx_HAL_Driver/Inc/stm32g4xx_ll_pwr.h **** __STATIC_INLINE void LL_PWR_DisableDeadBatteryPD(void)
  70              		.loc 2 772 22 view .LVU12
  71              	.LBB9:
 773:Drivers/STM32G4xx_HAL_Driver/Inc/stm32g4xx_ll_pwr.h **** {
 774:Drivers/STM32G4xx_HAL_Driver/Inc/stm32g4xx_ll_pwr.h ****   CLEAR_BIT(PWR->CR3, PWR_CR3_UCPD_DBDIS);
  72              		.loc 2 774 3 view .LVU13
  73 0028 044A     		ldr	r2, .L3+4
  74 002a 9368     		ldr	r3, [r2, #8]
  75 002c 23F48043 		bic	r3, r3, #16384
  76 0030 9360     		str	r3, [r2, #8]
  77              	.LBE9:
  78              	.LBE8:
  78:Src/stm32g4xx_hal_msp.c **** 
  79:Src/stm32g4xx_hal_msp.c ****   /* USER CODE BEGIN MspInit 1 */
  80:Src/stm32g4xx_hal_msp.c **** 
  81:Src/stm32g4xx_hal_msp.c ****   /* USER CODE END MspInit 1 */
  82:Src/stm32g4xx_hal_msp.c **** }
  79              		.loc 1 82 1 is_stmt 0 view .LVU14
  80 0032 02B0     		add	sp, sp, #8
  81              	.LCFI1:
  82              		.cfi_def_cfa_offset 0
  83              		@ sp needed
  84 0034 7047     		bx	lr
  85              	.L4:
  86 0036 00BF     		.align	2
  87              	.L3:
  88 0038 00100240 		.word	1073876992
  89 003c 00700040 		.word	1073770496
  90              		.cfi_endproc
  91              	.LFE406:
  93              		.text
  94              	.Letext0:
  95              		.file 3 "/home/alex/opt/gcc-arm-none-eabi-8-2018-q4-major/arm-none-eabi/include/machine/_default_t
  96              		.file 4 "/home/alex/opt/gcc-arm-none-eabi-8-2018-q4-major/arm-none-eabi/include/sys/_stdint.h"
  97              		.file 5 "Drivers/CMSIS/Include/core_cm4.h"
  98              		.file 6 "Drivers/CMSIS/Device/ST/STM32G4xx/Include/system_stm32g4xx.h"
  99              		.file 7 "Drivers/CMSIS/Device/ST/STM32G4xx/Include/stm32g474xx.h"
 100              		.file 8 "Drivers/STM32G4xx_HAL_Driver/Inc/stm32g4xx_hal_def.h"
 101              		.file 9 "Drivers/STM32G4xx_HAL_Driver/Inc/stm32g4xx_hal_flash.h"
 102              		.file 10 "Drivers/STM32G4xx_HAL_Driver/Inc/stm32g4xx_hal.h"
ARM GAS  /tmp/ccAyJ4sl.s 			page 18


DEFINED SYMBOLS
                            *ABS*:0000000000000000 stm32g4xx_hal_msp.c
     /tmp/ccAyJ4sl.s:18     .text.HAL_MspInit:0000000000000000 $t
     /tmp/ccAyJ4sl.s:26     .text.HAL_MspInit:0000000000000000 HAL_MspInit
     /tmp/ccAyJ4sl.s:88     .text.HAL_MspInit:0000000000000038 $d

NO UNDEFINED SYMBOLS
